  M02621:29:000000000-AAWM3:1:1101:17174:1262
	
  M02621:29:000000000-AAWM3:1:1101:21668:1309
	TCGAATCCC
  M02621:29:000000000-AAWM3:1:1101:21450:1421
	TAAGACCTA
  M02621:29:000000000-AAWM3:1:1101:14388:1454
	AACACCGAC
  M02621:29:000000000-AAWM3:1:1101:18123:1597
	GAGTCTAAA
  M02621:29:000000000-AAWM3:1:1101:18042:1611
	TCAATCGTC
  M02621:29:000000000-AAWM3:1:1101:15543:1638
	TGCCACGCA
  M02621:29:000000000-AAWM3:1:1101:13878:1672
	ACGGTTACC
  M02621:29:000000000-AAWM3:1:1101:16419:1678
	GTAAATATA
  M02621:29:000000000-AAWM3:1:1101:19972:1699
	AATGGAAAC
  M02621:29:000000000-AAWM3:1:1101:8864:1703
	TCCTTTCGA
  M02621:29:000000000-AAWM3:1:1101:22963:1755
	CAACTCAGC
  M02621:29:000000000-AAWM3:1:1101:17467:1796
	CCCAATCCG
  M02621:29:000000000-AAWM3:1:1101:8464:1817
	TGCTTTACC
  M02621:29:000000000-AAWM3:1:1101:18208:1849
	CCACAGCTA
  M02621:29:000000000-AAWM3:1:1101:22069:1896
	AATAAAATT
  M02621:29:000000000-AAWM3:1:1101:7836:1938
	CATTGCTCC
  M02621:29:000000000-AAWM3:1:1101:18333:1969
	AGTTCTCAT
  M02621:29:000000000-AAWM3:1:1101:10292:1977
	ACGCACAAC
  M02621:29:000000000-AAWM3:1:1101:11735:2032
	TGAGACTGG
  M02621:29:000000000-AAWM3:1:1101:16317:2034
	TACAATACA
  M02621:29:000000000-AAWM3:1:1101:19241:2059
	AGCACCGAC
  M02621:29:000000000-AAWM3:1:1101:19684:2137
	CACTATAAC
  M02621:29:000000000-AAWM3:1:1101:11937:2161
	CTACCACCC
  M02621:29:000000000-AAWM3:1:1101:22236:2233
	TCAACGCTC
  M02621:29:000000000-AAWM3:1:1101:22615:2254
	TTACCGCCC
  M02621:29:000000000-AAWM3:1:1101:21017:2273
	TCTTGGTTC
  M02621:29:000000000-AAWM3:1:1101:19830:2301
	GTAGCTCTA
  M02621:29:000000000-AAWM3:1:1101:16767:2303
	ATCTCCAAT
  M02621:29:000000000-AAWM3:1:1101:10475:2336
	CAGTATACG
  M02621:29:000000000-AAWM3:1:1101:11355:2355
	CCCGTCACG
  M02621:29:000000000-AAWM3:1:1101:14508:2413
	CCCAATCCG
  M02621:29:000000000-AAWM3:1:1101:20135:2414
	AGTAAAATT
  M02621:29:000000000-AAWM3:1:1101:10404:2446
	AGAGTCGTA
  M02621:29:000000000-AAWM3:1:1101:21060:2457
	CCGGATACC
  M02621:29:000000000-AAWM3:1:1101:13631:2525
	TGAGCAGAG
  M02621:29:000000000-AAWM3:1:1101:13266:2569
	ACCGAGCCA
  M02621:29:000000000-AAWM3:1:1101:20793:2629
	GTAAGTCTA
  M02621:29:000000000-AAWM3:1:1101:14269:2637
	AAATATCTT
  M02621:29:000000000-AAWM3:1:1101:9596:2638
	CTAATACAC
  M02621:29:000000000-AAWM3:1:1101:19092:2787
	CGATATACG
  M02621:29:000000000-AAWM3:1:1101:15082:2808
	ACAGTCCAA
  M02621:29:000000000-AAWM3:1:1101:10560:2814
	TCTGAACAA
  M02621:29:000000000-AAWM3:1:1101:18616:2827
	GACGGACAG
  M02621:29:000000000-AAWM3:1:1101:20334:2827
	AAAGATTTT
  M02621:29:000000000-AAWM3:1:1101:15639:2878
	CTACCACCC
  M02621:29:000000000-AAWM3:1:1101:14120:2881
	AGTACCACG
  M02621:29:000000000-AAWM3:1:1101:13521:2892
	CCGGATACC
  M02621:29:000000000-AAWM3:1:1101:13025:2902
	TATTAGGC
  M02621:29:000000000-AAWM3:1:1101:10509:2920
	CACTTCACC
  M02621:29:000000000-AAWM3:1:1101:17632:2948
	TAAACATTG
  M02621:29:000000000-AAWM3:1:1101:22450:2996
	CACAATCCG
  M02621:29:000000000-AAWM3:1:1101:8426:3001
	TACTACAAG
  M02621:29:000000000-AAWM3:1:1101:8164:3009
	CTGCCACCC
  M02621:29:000000000-AAWM3:1:1101:23996:3075
	CCAAATACC
  M02621:29:000000000-AAWM3:1:1101:6741:3079
	ATGAATCTC
  M02621:29:000000000-AAWM3:1:1101:6285:3100
	CGAAGGTTT
  M02621:29:000000000-AAWM3:1:1101:20067:3118
	ACACACAAC
  M02621:29:000000000-AAWM3:1:1101:25228:3135
	CGTTTATTT
  M02621:29:000000000-AAWM3:1:1101:13570:3161
	TGGACATTG
  M02621:29:000000000-AAWM3:1:1101:23258:3168
	AGTAACAGG
  M02621:29:000000000-AAWM3:1:1101:8976:3188
	AAGATGTTA
  M02621:29:000000000-AAWM3:1:1101:15014:3191
	CCATTCAAT
  M02621:29:000000000-AAWM3:1:1101:8864:3202
	CTACCACCC
  M02621:29:000000000-AAWM3:1:1101:12207:3251
	AGACTAGCG
  M02621:29:000000000-AAWM3:1:1101:24473:3279
	GTAAAAGGC
  M02621:29:000000000-AAWM3:1:1101:18912:3297
	TCGACAAGC
  M02621:29:000000000-AAWM3:1:1101:22086:3299
	CTAGTATGA
  M02621:29:000000000-AAWM3:1:1101:22837:3323
	AGTTCTCAT
  M02621:29:000000000-AAWM3:1:1101:25175:3323
	TAGAAGACA
  M02621:29:000000000-AAWM3:1:1101:25579:3329
	CCTCGCTAA
  M02621:29:000000000-AAWM3:1:1101:15641:3473
	TTCTACAAG
  M02621:29:000000000-AAWM3:1:1101:25678:3482
	GCACCCTAG
  M02621:29:000000000-AAWM3:1:1101:23689:3496
	TTGGCCGAA
  M02621:29:000000000-AAWM3:1:1101:12156:3519
	CGGTGTACG
  M02621:29:000000000-AAWM3:1:1101:18483:3525
	TCCATTCGA
  M02621:29:000000000-AAWM3:1:1101:25326:3570
	TTGACGCTC
  M02621:29:000000000-AAWM3:1:1101:19288:3593
	GTACACACT
  M02621:29:000000000-AAWM3:1:1101:7896:3598
	GAACGGATC
  M02621:29:000000000-AAWM3:1:1101:12748:3620
	
  M02621:29:000000000-AAWM3:1:1101:8115:3665
	GTTAGTATA
  M02621:29:000000000-AAWM3:1:1101:11915:3746
	ACAGTCCAA
  M02621:29:000000000-AAWM3:1:1101:17887:3820
	CATTACGAG
  M02621:29:000000000-AAWM3:1:1101:7625:3827
	CGGAAGTTT
  M02621:29:000000000-AAWM3:1:1101:15203:3994
	AGTACCACG
  M02621:29:000000000-AAWM3:1:1101:22620:4003
	ATATCTTGT
  M02621:29:000000000-AAWM3:1:1101:11420:4051
	AAACTAGCG
  M02621:29:000000000-AAWM3:1:1101:22661:4071
	TGACTTTAG
  M02621:29:000000000-AAWM3:1:1101:22067:4114
	ATATCTTGT
  M02621:29:000000000-AAWM3:1:1101:22658:4120
	GTAAAAGGC
  M02621:29:000000000-AAWM3:1:1101:11023:4146
	CTTCAAAGA
  M02621:29:000000000-AAWM3:1:1101:24387:4150
	ACTGAGCGG
  M02621:29:000000000-AAWM3:1:1101:9947:4220
	CCTCGCTAA
  M02621:29:000000000-AAWM3:1:1101:10478:4231
	TGACTCGAA
  M02621:29:000000000-AAWM3:1:1101:12644:4245
	CTACCACCC
  M02621:29:000000000-AAWM3:1:1101:14391:4248
	CAGACCACG
  M02621:29:000000000-AAWM3:1:1101:16381:4267
	ACCGTTAGT
  M02621:29:000000000-AAWM3:1:1101:17246:4280
	CAACCCTTA
  M02621:29:000000000-AAWM3:1:1101:7763:4432
	GTACTAGTT
  M02621:29:000000000-AAWM3:1:1101:13802:4463
	CGGGCCACG
  M02621:29:000000000-AAWM3:1:1101:11387:4498
	CAATAAAAA
  M02621:29:000000000-AAWM3:1:1101:26478:4531
	CAGACCACG
  M02621:29:000000000-AAWM3:1:1101:18140:4532
	AACACCGAC
  M02621:29:000000000-AAWM3:1:1101:16905:4535
	CGGCCGCT
  M02621:29:000000000-AAWM3:1:1101:15180:4562
	ATCCATTCC
  M02621:29:000000000-AAWM3:1:1101:7516:4578
	CCTCGCTAA
  M02621:29:000000000-AAWM3:1:1101:11805:4594
	GGAATCGCC
  M02621:29:000000000-AAWM3:1:1101:16440:4647
	AGAACATAT
  M02621:29:000000000-AAWM3:1:1101:26439:4659
	GTACGCACT
  M02621:29:000000000-AAWM3:1:1101:12894:4699
	CGACCGCT
  M02621:29:000000000-AAWM3:1:1101:11595:4723
	CCGGCGCAC
  M02621:29:000000000-AAWM3:1:1101:12366:4773
	CCAAGATGA
  M02621:29:000000000-AAWM3:1:1101:8946:4790
	ACGCACAAC
  M02621:29:000000000-AAWM3:1:1101:17784:4813
	ACTACTCAT
  M02621:29:000000000-AAWM3:1:1101:4870:4860
	CCGCCGGCC
  M02621:29:000000000-AAWM3:1:1101:22805:4896
	CCCGTAATT
  M02621:29:000000000-AAWM3:1:1101:9222:4902
	TAACAACGA
  M02621:29:000000000-AAWM3:1:1101:13365:4905
	CCTCGCTAA
  M02621:29:000000000-AAWM3:1:1101:25337:4914
	CCGACACAC
  M02621:29:000000000-AAWM3:1:1101:16123:4954
	
  M02621:29:000000000-AAWM3:1:1101:20379:4956
	CATTTGACT
  M02621:29:000000000-AAWM3:1:1101:20397:5026
	GTATTGGAT
  M02621:29:000000000-AAWM3:1:1101:25661:5048
	CATCCAACC
  M02621:29:000000000-AAWM3:1:1101:9555:5055
	AAAAACTAG
  M02621:29:000000000-AAWM3:1:1101:21282:5098
	AGAACCACG
  M02621:29:000000000-AAWM3:1:1101:7963:5114
	CCCATCACG
  M02621:29:000000000-AAWM3:1:1101:23300:5118
	TTCAGCGAT
  M02621:29:000000000-AAWM3:1:1101:17535:5123
	TCAATTAAT
  M02621:29:000000000-AAWM3:1:1101:18347:5203
	CACCCAGGC
  M02621:29:000000000-AAWM3:1:1101:15820:5211
	
  M02621:29:000000000-AAWM3:1:1101:16264:5216
	GACCCACTT
  M02621:29:000000000-AAWM3:1:1101:23357:5220
	CTATCCCTA
  M02621:29:000000000-AAWM3:1:1101:15837:5231
	GTATTGGAT
  M02621:29:000000000-AAWM3:1:1101:18828:5281
	CAACTGTGG
  M02621:29:000000000-AAWM3:1:1101:8724:5285
	CGTTGCTCC
  M02621:29:000000000-AAWM3:1:1101:23187:5287
	AGATATCTT
  M02621:29:000000000-AAWM3:1:1101:15230:5303
	AAGCGAACC
  M02621:29:000000000-AAWM3:1:1101:10072:5331
	TTCAGCGAT
  M02621:29:000000000-AAWM3:1:1101:24804:5333
	CATGTATGA
  M02621:29:000000000-AAWM3:1:1101:18169:5337
	CCTCGCTAA
  M02621:29:000000000-AAWM3:1:1101:9447:5384
	GACAAAACT
  M02621:29:000000000-AAWM3:1:1101:18111:5386
	TGGGAGACA
  M02621:29:000000000-AAWM3:1:1101:15667:5386
	ACCGTTAGT
  M02621:29:000000000-AAWM3:1:1101:7537:5392
	CCACACCCC
  M02621:29:000000000-AAWM3:1:1101:8176:5436
	CACCAGGAT
  M02621:29:000000000-AAWM3:1:1101:26853:5452
	CTATAAAAC
  M02621:29:000000000-AAWM3:1:1101:20378:5488
	TACTACAAG
  M02621:29:000000000-AAWM3:1:1101:13995:5489
	GCAGACGTC
  M02621:29:000000000-AAWM3:1:1101:13400:5519
	CGGTAAAAA
  M02621:29:000000000-AAWM3:1:1101:11443:5524
	TAAACAAAC
  M02621:29:000000000-AAWM3:1:1101:16152:5581
	TGCCACGCA
  M02621:29:000000000-AAWM3:1:1101:26647:5586
	TCATGCACT
  M02621:29:000000000-AAWM3:1:1101:14076:5596
	GTGGCCCGA
  M02621:29:000000000-AAWM3:1:1101:23316:5598
	TCCACGACG
  M02621:29:000000000-AAWM3:1:1101:25942:5620
	CCTCGCTAA
  M02621:29:000000000-AAWM3:1:1101:22560:5623
	TCCTATCGA
  M02621:29:000000000-AAWM3:1:1101:26790:5629
	TCCTCGACG
  M02621:29:000000000-AAWM3:1:1101:11290:5647
	CACAACACC
  M02621:29:000000000-AAWM3:1:1101:24493:5673
	
  M02621:29:000000000-AAWM3:1:1101:20085:5681
	TTAAACCTA
  M02621:29:000000000-AAWM3:1:1101:17235:5699
	TTCTGCAAG
  M02621:29:000000000-AAWM3:1:1101:6189:5713
	TTGGCCCGA
  M02621:29:000000000-AAWM3:1:1101:26222:5713
	TGAACTCCT
  M02621:29:000000000-AAWM3:1:1101:8901:5726
	TGGGAGACA
  M02621:29:000000000-AAWM3:1:1101:17480:5795
	GCGACATAT
  M02621:29:000000000-AAWM3:1:1101:13380:5797
	GTGCGAGAA
  M02621:29:000000000-AAWM3:1:1101:26448:5812
	TTAGGCCTA
  M02621:29:000000000-AAWM3:1:1101:13810:5850
	AATGAAATT
  M02621:29:000000000-AAWM3:1:1101:8331:5895
	ATAAAAAAA
  M02621:29:000000000-AAWM3:1:1101:24669:5929
	CGCGATACA
  M02621:29:000000000-AAWM3:1:1101:20203:5935
	CAGCGTCTT
  M02621:29:000000000-AAWM3:1:1101:5196:5939
	GAGTGAGTC
  M02621:29:000000000-AAWM3:1:1101:14381:6018
	GCAAAATGG
  M02621:29:000000000-AAWM3:1:1101:22687:6096
	TACATACAA
  M02621:29:000000000-AAWM3:1:1101:21237:6096
	GGACGTCAT
  M02621:29:000000000-AAWM3:1:1101:5714:6130
	CCAATATCA
  M02621:29:000000000-AAWM3:1:1101:19496:6148
	CGGCCGCT
  M02621:29:000000000-AAWM3:1:1101:8352:6169
	CAGCTGTGG
  M02621:29:000000000-AAWM3:1:1101:20442:6212
	GCGACATAT
  M02621:29:000000000-AAWM3:1:1101:6703:6230
	TGGACCCGA
  M02621:29:000000000-AAWM3:1:1101:23052:6245
	ATCGAGCGA
  M02621:29:000000000-AAWM3:1:1101:23805:6256
	CCCGTAATT
  M02621:29:000000000-AAWM3:1:1101:13616:6310
	TGCTTTACC
  M02621:29:000000000-AAWM3:1:1101:24905:6324
	TGAACTCCT
  M02621:29:000000000-AAWM3:1:1101:27253:6336
	CACTTATCC
  M02621:29:000000000-AAWM3:1:1101:24409:6344
	CTTGTATGA
  M02621:29:000000000-AAWM3:1:1101:25564:6348
	AATAAAAGT
  M02621:29:000000000-AAWM3:1:1101:23000:6366
	AGTACCACG
  M02621:29:000000000-AAWM3:1:1101:21036:6369
	CACCAGAGA
  M02621:29:000000000-AAWM3:1:1101:23046:6375
	GGCGAACAG
  M02621:29:000000000-AAWM3:1:1101:17005:6514
	CATCCAACC
  M02621:29:000000000-AAWM3:1:1101:4107:6515
	GAGTCTAAA
  M02621:29:000000000-AAWM3:1:1101:5487:6623
	CATTTGACT
  M02621:29:000000000-AAWM3:1:1101:16072:6688
	ACATGAAGA
  M02621:29:000000000-AAWM3:1:1101:26448:6704
	GCAGAACTA
  M02621:29:000000000-AAWM3:1:1101:11952:6717
	TCTGAACAA
  M02621:29:000000000-AAWM3:1:1101:20259:6767
	CCCATAATT
  M02621:29:000000000-AAWM3:1:1101:23368:6796
	CCAGATACC
  M02621:29:000000000-AAWM3:1:1101:27394:6831
	CTTGAATGA
  M02621:29:000000000-AAWM3:1:1101:6161:6839
	CGAACCACG
  M02621:29:000000000-AAWM3:1:1101:20167:6877
	GCACCCTAG
  M02621:29:000000000-AAWM3:1:1101:11465:6881
	CCGGTAAAG
  M02621:29:000000000-AAWM3:1:1101:14052:6915
	ACCGAGCGA
  M02621:29:000000000-AAWM3:1:1101:6738:6916
	CCACTGCTA
  M02621:29:000000000-AAWM3:1:1101:21266:6965
	TTGTTAATT
  M02621:29:000000000-AAWM3:1:1101:18107:6974
	ACGGTCCAA
  M02621:29:000000000-AAWM3:1:1101:20182:7064
	AGTGCAAAG
  M02621:29:000000000-AAWM3:1:1101:26288:7068
	GGCAGAACT
  M02621:29:000000000-AAWM3:1:1101:10042:7085
	TACGGACAG
  M02621:29:000000000-AAWM3:1:1101:11211:7092
	ATTCAGCAA
  M02621:29:000000000-AAWM3:1:1101:13960:7094
	CGTTGCTCC
  M02621:29:000000000-AAWM3:1:1101:14972:7098
	ATATCTTAA
  M02621:29:000000000-AAWM3:1:1101:16424:7103
	AAAGATGGT
  M02621:29:000000000-AAWM3:1:1101:21288:7165
	AGCACCCAA
  M02621:29:000000000-AAWM3:1:1101:13351:7185
	GTGCACACT
  M02621:29:000000000-AAWM3:1:1101:6889:7209
	GTTAGTATA
  M02621:29:000000000-AAWM3:1:1101:11564:7283
	CATATGAAG
  M02621:29:000000000-AAWM3:1:1101:5377:7294
	ACATAAAGA
  M02621:29:000000000-AAWM3:1:1101:27142:7322
	TCTATTAAT
  M02621:29:000000000-AAWM3:1:1101:27295:7342
	TGAACTCCT
  M02621:29:000000000-AAWM3:1:1101:8602:7362
	GGCGACGAT
  M02621:29:000000000-AAWM3:1:1101:24789:7395
	ATAAATAAA
  M02621:29:000000000-AAWM3:1:1101:21397:7396
	CCTTAGTTG
  M02621:29:000000000-AAWM3:1:1101:10037:7437
	CATCTCTAA
  M02621:29:000000000-AAWM3:1:1101:14857:7465
	CTGCCACCC
  M02621:29:000000000-AAWM3:1:1101:7528:7482
	CGAAAGGTT
  M02621:29:000000000-AAWM3:1:1101:3671:7495
	CATCCCTAA
  M02621:29:000000000-AAWM3:1:1101:16054:7511
	TCGACAAGC
  M02621:29:000000000-AAWM3:1:1101:28407:7561
	AGGATATGA
  M02621:29:000000000-AAWM3:1:1101:9094:7625
	TGCATTACC
  M02621:29:000000000-AAWM3:1:1101:15151:7643
	ATCGTTCAC
  M02621:29:000000000-AAWM3:1:1101:13040:7683
	TGCTATACC
  M02621:29:000000000-AAWM3:1:1101:16640:7718
	ACGGACCAA
  M02621:29:000000000-AAWM3:1:1101:14097:7722
	GGCGAAACT
  M02621:29:000000000-AAWM3:1:1101:16801:7765
	ACGTAATAT
  M02621:29:000000000-AAWM3:1:1101:7353:7780
	CCTCACTAA
  M02621:29:000000000-AAWM3:1:1101:19562:7790
	GACAAAACT
  M02621:29:000000000-AAWM3:1:1101:19567:7868
	CTATCAGTG
  M02621:29:000000000-AAWM3:1:1101:10416:7878
	TGTACAGCG
  M02621:29:000000000-AAWM3:1:1101:5832:7925
	TAGCTTTAG
  M02621:29:000000000-AAWM3:1:1101:24939:7928
	AAACTGTTA
  M02621:29:000000000-AAWM3:1:1101:14683:7947
	CGCTCAGGT
  M02621:29:000000000-AAWM3:1:1101:17011:7962
	CCGACACAC
  M02621:29:000000000-AAWM3:1:1101:8910:7984
	TCTATTAAT
  M02621:29:000000000-AAWM3:1:1101:23938:8019
	ATATAAAGA
  M02621:29:000000000-AAWM3:1:1101:21052:8031
	TGCGCAGCG
  M02621:29:000000000-AAWM3:1:1101:23685:8072
	CCGGTAAAG
  M02621:29:000000000-AAWM3:1:1101:4951:8089
	GGCGAACAG
  M02621:29:000000000-AAWM3:1:1101:21404:8200
	CCAGATACC
  M02621:29:000000000-AAWM3:1:1101:17937:8202
	ATAAATAAA
  M02621:29:000000000-AAWM3:1:1101:11679:8219
	CTACCTCTA
  M02621:29:000000000-AAWM3:1:1101:11056:8228
	AGAAGAAGC
  M02621:29:000000000-AAWM3:1:1101:19006:8240
	TCAGCAAGC
  M02621:29:000000000-AAWM3:1:1101:8468:8273
	GTTGATATA
  M02621:29:000000000-AAWM3:1:1101:11819:8284
	CGGAATACG
  M02621:29:000000000-AAWM3:1:1101:11850:8337
	ACCAACTCT
  M02621:29:000000000-AAWM3:1:1101:7340:8342
	CCTGTATCA
  M02621:29:000000000-AAWM3:1:1101:7985:8343
	CAGCCCTTA
  M02621:29:000000000-AAWM3:1:1101:25368:8392
	CGGCCGCT
  M02621:29:000000000-AAWM3:1:1101:15750:8436
	CTAAGATGG
  M02621:29:000000000-AAWM3:1:1101:8314:8456
	CACTACACC
  M02621:29:000000000-AAWM3:1:1101:4864:8479
	GTTAATATA
  M02621:29:000000000-AAWM3:1:1101:26300:8481
	AAGTAAAGA
  M02621:29:000000000-AAWM3:1:1101:8475:8509
	AATAAAATT
  M02621:29:000000000-AAWM3:1:1101:15523:8545
	CGCTCAGGT
  M02621:29:000000000-AAWM3:1:1101:17447:8566
	ATCGCATAG
  M02621:29:000000000-AAWM3:1:1101:20743:8578
	CCAGATACC
  M02621:29:000000000-AAWM3:1:1101:15900:8632
	AATGCAAAG
  M02621:29:000000000-AAWM3:1:1101:21203:8642
	CGCTTCTCC
  M02621:29:000000000-AAWM3:1:1101:27930:8645
	GCCCGAACT
  M02621:29:000000000-AAWM3:1:1101:17682:8664
	CAATCAGTG
  M02621:29:000000000-AAWM3:1:1101:9047:8672
	GAGTCTAAA
  M02621:29:000000000-AAWM3:1:1101:25636:8719
	ACGGTCCAA
  M02621:29:000000000-AAWM3:1:1101:14812:8726
	CCCGTCACG
  M02621:29:000000000-AAWM3:1:1101:11767:8765
	TCTTGGTTC
  M02621:29:000000000-AAWM3:1:1101:7913:8770
	CCCATCACG
  M02621:29:000000000-AAWM3:1:1101:15752:8774
	GCTAGTTAC
  M02621:29:000000000-AAWM3:1:1101:13023:8804
	AGCTAAGCA
  M02621:29:000000000-AAWM3:1:1101:14166:8808
	TACCACGCA
  M02621:29:000000000-AAWM3:1:1101:8630:8817
	AAAAACTAG
  M02621:29:000000000-AAWM3:1:1101:15343:8821
	TTCAACAAG
  M02621:29:000000000-AAWM3:1:1101:6773:8833
	AGCAAAAAG
  M02621:29:000000000-AAWM3:1:1101:26586:8849
	ACATAAAGA
  M02621:29:000000000-AAWM3:1:1101:12763:8861
	TTAACAAAC
  M02621:29:000000000-AAWM3:1:1101:17681:8900
	AAAATAGAC
  M02621:29:000000000-AAWM3:1:1101:19908:8909
	GCAATCGTA
  M02621:29:000000000-AAWM3:1:1101:20896:8929
	GGTACCAGA
  M02621:29:000000000-AAWM3:1:1101:17954:8948
	TTCAGTACA
  M02621:29:000000000-AAWM3:1:1101:14734:8977
	GGCAGAACT
  M02621:29:000000000-AAWM3:1:1101:18917:8978
	ACCCGTATC
  M02621:29:000000000-AAWM3:1:1101:18675:9001
	GCCATAGCT
  M02621:29:000000000-AAWM3:1:1101:20461:9010
	ACGCCCGAA
  M02621:29:000000000-AAWM3:1:1101:25013:9038
	CCCAGGCCG
  M02621:29:000000000-AAWM3:1:1101:13592:9057
	CTTAGTTGC
  M02621:29:000000000-AAWM3:1:1101:13023:9057
	CGTTTATTT
  M02621:29:000000000-AAWM3:1:1101:6755:9059
	GTGTGGGAG
  M02621:29:000000000-AAWM3:1:1101:7965:9064
	CCCGCAATT
  M02621:29:000000000-AAWM3:1:1101:24932:9065
	TCCTCGACG
  M02621:29:000000000-AAWM3:1:1101:20887:9070
	CTTATGAAG
  M02621:29:000000000-AAWM3:1:1101:19377:9109
	CTCACTTGT
  M02621:29:000000000-AAWM3:1:1101:21926:9202
	GACCATTCT
  M02621:29:000000000-AAWM3:1:1101:15455:9208
	AGCGAAAAG
  M02621:29:000000000-AAWM3:1:1101:22955:9216
	CAGTATACG
  M02621:29:000000000-AAWM3:1:1101:12800:9217
	CCGACAATG
  M02621:29:000000000-AAWM3:1:1101:5793:9262
	CACCCTGCA
  M02621:29:000000000-AAWM3:1:1101:28867:9304
	GGTACCAGA
  M02621:29:000000000-AAWM3:1:1101:3519:9349
	CCGCCGGCC
  M02621:29:000000000-AAWM3:1:1101:19693:9355
	CCTGTCCCT
  M02621:29:000000000-AAWM3:1:1101:22321:9358
	CAAGTGACA
  M02621:29:000000000-AAWM3:1:1101:20453:9379
	GATGCCAGA
  M02621:29:000000000-AAWM3:1:1101:7684:9430
	CTACCACCC
  M02621:29:000000000-AAWM3:1:1101:28208:9457
	GAAGTCATG
  M02621:29:000000000-AAWM3:1:1101:25519:9506
	ATCCTTTCC
  M02621:29:000000000-AAWM3:1:1101:18452:9514
	CATTGCTCC
  M02621:29:000000000-AAWM3:1:1101:14086:9526
	ATCCTTTCC
  M02621:29:000000000-AAWM3:1:1101:26074:9549
	GAGATTTTC
  M02621:29:000000000-AAWM3:1:1101:26635:9664
	TCCTCGACG
  M02621:29:000000000-AAWM3:1:1101:23107:9676
	GAAAATCTA
  M02621:29:000000000-AAWM3:1:1101:28035:9684
	GGCAGACAG
  M02621:29:000000000-AAWM3:1:1101:21431:9724
	ATGTAATCG
  M02621:29:000000000-AAWM3:1:1101:3439:9730
	AGAAAAGCA
  M02621:29:000000000-AAWM3:1:1101:19155:9799
	
  M02621:29:000000000-AAWM3:1:1101:18971:9821
	AGTCTGAAT
  M02621:29:000000000-AAWM3:1:1101:9741:9840
	ACATAATAT
  M02621:29:000000000-AAWM3:1:1101:19575:9840
	ACCCAGTGC
  M02621:29:000000000-AAWM3:1:1101:5556:9859
	AGCAGCTAA
  M02621:29:000000000-AAWM3:1:1101:22608:9869
	CAGCTGTGG
  M02621:29:000000000-AAWM3:1:1101:12098:9869
	CACGCCGCC
  M02621:29:000000000-AAWM3:1:1101:20054:9882
	AATGTATAC
  M02621:29:000000000-AAWM3:1:1101:17211:9903
	GAATAAGA
  M02621:29:000000000-AAWM3:1:1101:9164:9983
	TGTAGGTAA
  M02621:29:000000000-AAWM3:1:1101:17610:9999
	TCTACCAGA
  M02621:29:000000000-AAWM3:1:1101:7852:10004
	GACCCACTA
  M02621:29:000000000-AAWM3:1:1101:25026:10019
	CTGATACAC
  M02621:29:000000000-AAWM3:1:1101:7064:10049
	CAACCCTTA
  M02621:29:000000000-AAWM3:1:1101:4535:10067
	GACAGGCCC
  M02621:29:000000000-AAWM3:1:1101:5212:10091
	TTGGCCTAA
  M02621:29:000000000-AAWM3:1:1101:17791:10121
	TCTCTCAAT
  M02621:29:000000000-AAWM3:1:1101:19743:10137
	CTGCCACCC
  M02621:29:000000000-AAWM3:1:1101:22370:10194
	GTTAATATA
  M02621:29:000000000-AAWM3:1:1101:7082:10205
	CAAGAGGTT
  M02621:29:000000000-AAWM3:1:1101:17148:10224
	TACATACAA
  M02621:29:000000000-AAWM3:1:1101:10219:10234
	ACTGCTCAT
  M02621:29:000000000-AAWM3:1:1101:8927:10266
	AAAATATGA
  M02621:29:000000000-AAWM3:1:1101:6392:10305
	ACCCAGTGC
  M02621:29:000000000-AAWM3:1:1101:28912:10312
	ATTCAGCAA
  M02621:29:000000000-AAWM3:1:1101:2527:10323
	
  M02621:29:000000000-AAWM3:1:1101:18256:10331
	TAGAAGACA
  M02621:29:000000000-AAWM3:1:1101:3745:10347
	CCAGCACAC
  M02621:29:000000000-AAWM3:1:1101:28000:10358
	AGCACCAGT
  M02621:29:000000000-AAWM3:1:1101:11208:10363
	TTGACCGAT
  M02621:29:000000000-AAWM3:1:1101:17365:10370
	CTAGGCTAC
  M02621:29:000000000-AAWM3:1:1101:10952:10375
	TGGAGGACA
  M02621:29:000000000-AAWM3:1:1101:27203:10385
	GGGCGTCAT
  M02621:29:000000000-AAWM3:1:1101:18739:10395
	ATGAAAAAA
  M02621:29:000000000-AAWM3:1:1101:5031:10484
	CGTTAGACT
  M02621:29:000000000-AAWM3:1:1101:17548:10490
	CACACATGC
  M02621:29:000000000-AAWM3:1:1101:15939:10505
	TGGGACCAA
  M02621:29:000000000-AAWM3:1:1101:13122:10511
	ACTGAGCGG
  M02621:29:000000000-AAWM3:1:1101:13301:10520
	CGACCGCCC
  M02621:29:000000000-AAWM3:1:1101:22079:10581
	TGCCACGCA
  M02621:29:000000000-AAWM3:1:1101:12556:10584
	CTCTCCACT
  M02621:29:000000000-AAWM3:1:1101:12436:10613
	TCTGTTAAT
  M02621:29:000000000-AAWM3:1:1101:28753:10646
	GAACCCATG
  M02621:29:000000000-AAWM3:1:1101:12028:10661
	CAACCAAAG
  M02621:29:000000000-AAWM3:1:1101:17601:10696
	CTTTGATTG
  M02621:29:000000000-AAWM3:1:1101:26622:10696
	TAGGGTCAA
  M02621:29:000000000-AAWM3:1:1101:20724:10738
	CCTAAGTTG
  M02621:29:000000000-AAWM3:1:1101:4802:10755
	GTAAGTCTC
  M02621:29:000000000-AAWM3:1:1101:21680:10781
	CACTCAGGT
  M02621:29:000000000-AAWM3:1:1101:16690:10790
	CGGTAGCTA
  M02621:29:000000000-AAWM3:1:1101:1957:10801
	CCATACCCT
  M02621:29:000000000-AAWM3:1:1101:21573:10837
	CCCCGCCAG
  M02621:29:000000000-AAWM3:1:1101:17971:10838
	GCTAATTAC
  M02621:29:000000000-AAWM3:1:1101:8249:10871
	TAGAAGACA
  M02621:29:000000000-AAWM3:1:1101:25335:10877
	AAATAAGCA
  M02621:29:000000000-AAWM3:1:1101:6664:10906
	CATTGCGCA
  M02621:29:000000000-AAWM3:1:1101:11841:10925
	CTACTTTTC
  M02621:29:000000000-AAWM3:1:1101:14396:10934
	ACCGCCTCT
  M02621:29:000000000-AAWM3:1:1101:4533:10994
	TGGCTCACT
  M02621:29:000000000-AAWM3:1:1101:19643:11005
	AACTAAATA
  M02621:29:000000000-AAWM3:1:1101:22805:11024
	AAGTAAAGA
  M02621:29:000000000-AAWM3:1:1101:10950:11030
	TGCACCCGA
  M02621:29:000000000-AAWM3:1:1101:7851:11043
	TGCAGAAGC
  M02621:29:000000000-AAWM3:1:1101:28224:11049
	AAAATAGAC
  M02621:29:000000000-AAWM3:1:1101:12080:11050
	CCGCCGGCC
  M02621:29:000000000-AAWM3:1:1101:13000:11054
	GCGGCATAT
  M02621:29:000000000-AAWM3:1:1101:7132:11114
	AACGAAAAG
  M02621:29:000000000-AAWM3:1:1101:18143:11132
	GACCCACTT
  M02621:29:000000000-AAWM3:1:1101:10919:11134
	CGAGAGGTT
  M02621:29:000000000-AAWM3:1:1101:28199:11141
	ACAGTCCAA
  M02621:29:000000000-AAWM3:1:1101:18638:11167
	CCCCGCTAT
  M02621:29:000000000-AAWM3:1:1101:2476:11214
	AATAGAAAC
  M02621:29:000000000-AAWM3:1:1101:6618:11227
	CTGTCAGTG
  M02621:29:000000000-AAWM3:1:1101:14702:11253
	AATGGATAC
  M02621:29:000000000-AAWM3:1:1101:18465:11296
	TAGTATTTT
  M02621:29:000000000-AAWM3:1:1101:26855:11317
	CACAAACGC
  M02621:29:000000000-AAWM3:1:1101:11692:11354
	GGCAAAACT
  M02621:29:000000000-AAWM3:1:1101:12380:11366
	CTTCGAAAA
  M02621:29:000000000-AAWM3:1:1101:22987:11441
	TACAGCGAT
  M02621:29:000000000-AAWM3:1:1101:22768:11471
	AGCTATATA
  M02621:29:000000000-AAWM3:1:1101:10363:11494
	GACCCACTT
  M02621:29:000000000-AAWM3:1:1101:16700:11504
	
  M02621:29:000000000-AAWM3:1:1101:19756:11552
	CCGGTAAAG
  M02621:29:000000000-AAWM3:1:1101:4491:11563
	AATGAAATT
  M02621:29:000000000-AAWM3:1:1101:9719:11565
	CACTTTAAC
  M02621:29:000000000-AAWM3:1:1101:29314:11595
	CCTAAATTA
  M02621:29:000000000-AAWM3:1:1101:28626:11616
	TCTGAACAA
  M02621:29:000000000-AAWM3:1:1101:6000:11641
	AAGCTGTTA
  M02621:29:000000000-AAWM3:1:1101:10845:11654
	TCCTCGACG
  M02621:29:000000000-AAWM3:1:1101:3983:11656
	GGCGAAACT
  M02621:29:000000000-AAWM3:1:1101:10888:11676
	GCAAGACTA
  M02621:29:000000000-AAWM3:1:1101:14589:11691
	GTGACCCGA
  M02621:29:000000000-AAWM3:1:1101:5064:11715
	CATCATACC
  M02621:29:000000000-AAWM3:1:1101:23379:11811
	AAATAAAGA
  M02621:29:000000000-AAWM3:1:1101:2809:11838
	CCTCACTAA
  M02621:29:000000000-AAWM3:1:1101:23849:11848
	TCCTCGACG
  M02621:29:000000000-AAWM3:1:1101:6805:11857
	AAGGGAACC
  M02621:29:000000000-AAWM3:1:1101:21160:11857
	CAACTCTAA
  M02621:29:000000000-AAWM3:1:1101:26513:11874
	CCTATATGA
  M02621:29:000000000-AAWM3:1:1101:8884:11890
	TTCAACAAG
  M02621:29:000000000-AAWM3:1:1101:14350:11892
	CCCATAATT
  M02621:29:000000000-AAWM3:1:1101:24542:11895
	AGTCCTCAT
  M02621:29:000000000-AAWM3:1:1101:7684:11896
	CCGACACAC
  M02621:29:000000000-AAWM3:1:1101:25711:11899
	TCGACAAGC
  M02621:29:000000000-AAWM3:1:1101:22077:11917
	AGAAGTAAT
  M02621:29:000000000-AAWM3:1:1101:8418:11925
	AACTTGACA
  M02621:29:000000000-AAWM3:1:1101:26487:11926
	CTACAAAGA
  M02621:29:000000000-AAWM3:1:1101:17798:11930
	ATCCAGCAA
  M02621:29:000000000-AAWM3:1:1101:23055:11950
	GTAACACAA
  M02621:29:000000000-AAWM3:1:1101:12570:11996
	TAGAAGACA
  M02621:29:000000000-AAWM3:1:1101:19421:12015
	CGCGCATGC
  M02621:29:000000000-AAWM3:1:1101:12447:12021
	AAACGAACT
  M02621:29:000000000-AAWM3:1:1101:22448:12074
	ACTTATTTA
  M02621:29:000000000-AAWM3:1:1101:16637:12077
	CAGCCAAAG
  M02621:29:000000000-AAWM3:1:1101:21581:12117
	TCTGGACAA
  M02621:29:000000000-AAWM3:1:1101:21898:12141
	CGAGCGCTC
  M02621:29:000000000-AAWM3:1:1101:21043:12146
	ACCGACTCT
  M02621:29:000000000-AAWM3:1:1101:11336:12153
	AATAAATAC
  M02621:29:000000000-AAWM3:1:1101:5243:12157
	AGTCCAGGC
  M02621:29:000000000-AAWM3:1:1101:8847:12160
	TCGTGACAA
  M02621:29:000000000-AAWM3:1:1101:24633:12182
	CTTGTATGA
  M02621:29:000000000-AAWM3:1:1101:24487:12194
	AAGCCCAAA
  M02621:29:000000000-AAWM3:1:1101:6798:12219
	CGGTAAAAA
  M02621:29:000000000-AAWM3:1:1101:18149:12220
	CGCCAGGAT
  M02621:29:000000000-AAWM3:1:1101:3883:12228
	ACCGACTCT
  M02621:29:000000000-AAWM3:1:1101:5467:12251
	ACACGCAAC
  M02621:29:000000000-AAWM3:1:1101:29126:12333
	GGAGGCTCG
  M02621:29:000000000-AAWM3:1:1101:12531:12356
	GCAGCTCAT
  M02621:29:000000000-AAWM3:1:1101:13715:12357
	GTGTGGTGG
  M02621:29:000000000-AAWM3:1:1101:12323:12396
	GAGATCATG
  M02621:29:000000000-AAWM3:1:1101:29445:12398
	GAAGTCATG
  M02621:29:000000000-AAWM3:1:1101:18311:12404
	TCAACAAGC
  M02621:29:000000000-AAWM3:1:1101:6510:12425
	TTACAACGA
  M02621:29:000000000-AAWM3:1:1101:24790:12425
	CATCAAAGA
  M02621:29:000000000-AAWM3:1:1101:19521:12429
	TACAATACA
  M02621:29:000000000-AAWM3:1:1101:2327:12458
	TCAAGTTGA
  M02621:29:000000000-AAWM3:1:1101:25269:12493
	TCAAATTGA
  M02621:29:000000000-AAWM3:1:1101:23600:12514
	AACACCGAC
  M02621:29:000000000-AAWM3:1:1101:5198:12611
	AGATTGCTA
  M02621:29:000000000-AAWM3:1:1101:29203:12616
	CAGTATCCC
  M02621:29:000000000-AAWM3:1:1101:25568:12617
	TTCTGCAAG
  M02621:29:000000000-AAWM3:1:1101:4359:12620
	GCCATAGCT
  M02621:29:000000000-AAWM3:1:1101:11114:12651
	CCGTGGTGC
  M02621:29:000000000-AAWM3:1:1101:9732:12668
	CGCAATACA
  M02621:29:000000000-AAWM3:1:1101:15591:12682
	CTAGTATGA
  M02621:29:000000000-AAWM3:1:1101:21955:12682
	TAGCTTTAG
  M02621:29:000000000-AAWM3:1:1101:19129:12692
	CGCTTCTCC
  M02621:29:000000000-AAWM3:1:1101:14762:12721
	CACTTCTCC
  M02621:29:000000000-AAWM3:1:1101:20411:12722
	ATCCTTTCC
  M02621:29:000000000-AAWM3:1:1101:27036:12730
	CGACCAAAG
  M02621:29:000000000-AAWM3:1:1101:10609:12754
	TCTCCTCGC
  M02621:29:000000000-AAWM3:1:1101:13081:12767
	CTCGCTTGT
  M02621:29:000000000-AAWM3:1:1101:21170:12789
	TGGCATGGA
  M02621:29:000000000-AAWM3:1:1101:21301:12844
	GGGGCATAT
  M02621:29:000000000-AAWM3:1:1101:4699:12890
	TTAAGGCCA
  M02621:29:000000000-AAWM3:1:1101:14947:12890
	CAGCCTGGA
  M02621:29:000000000-AAWM3:1:1101:14962:12924
	CTACCACCC
  M02621:29:000000000-AAWM3:1:1101:19312:12960
	TGCGACCTT
  M02621:29:000000000-AAWM3:1:1101:16064:12984
	GATACCAGA
  M02621:29:000000000-AAWM3:1:1101:28533:12992
	CAGTATCCC
  M02621:29:000000000-AAWM3:1:1101:2869:13006
	GAGCGTCAT
  M02621:29:000000000-AAWM3:1:1101:4785:13016
	CTGAAATGG
  M02621:29:000000000-AAWM3:1:1101:20503:13021
	GTAGCTCTA
  M02621:29:000000000-AAWM3:1:1101:29116:13033
	CGTTAGACT
  M02621:29:000000000-AAWM3:1:1101:12146:13065
	CAGTATACG
  M02621:29:000000000-AAWM3:1:1101:13164:13094
	AAAAAAAGC
  M02621:29:000000000-AAWM3:1:1101:16623:13124
	CTAAGATGG
  M02621:29:000000000-AAWM3:1:1101:6975:13142
	CATTACGAG
  M02621:29:000000000-AAWM3:1:1101:7130:13187
	AAAAATAAT
  M02621:29:000000000-AAWM3:1:1101:20701:13216
	CCGCATCGT
  M02621:29:000000000-AAWM3:1:1101:22524:13221
	AACCTTTCC
  M02621:29:000000000-AAWM3:1:1101:14952:13221
	CCCGCAATT
  M02621:29:000000000-AAWM3:1:1101:4331:13223
	TGCCACGCA
  M02621:29:000000000-AAWM3:1:1101:15753:13249
	TGAACCCGA
  M02621:29:000000000-AAWM3:1:1101:4858:13259
	TAGCGCAAT
  M02621:29:000000000-AAWM3:1:1101:10028:13266
	ATATTCTTC
  M02621:29:000000000-AAWM3:1:1101:18098:13290
	CAATAGCAA
  M02621:29:000000000-AAWM3:1:1101:5962:13312
	CAACCCTTA
  M02621:29:000000000-AAWM3:1:1101:5922:13322
	TATGAATCC
  M02621:29:000000000-AAWM3:1:1101:9114:13329
	CGAAAGGTT
  M02621:29:000000000-AAWM3:1:1101:7798:13331
	CGAGGGGTT
  M02621:29:000000000-AAWM3:1:1101:22598:13331
	GCTTCCGCA
  M02621:29:000000000-AAWM3:1:1101:18698:13340
	CGCGCATTC
  M02621:29:000000000-AAWM3:1:1101:8665:13358
	TGAACCCGA
  M02621:29:000000000-AAWM3:1:1101:22282:13359
	TCTGAACAA
  M02621:29:000000000-AAWM3:1:1101:11099:13369
	GCAAACGTC
  M02621:29:000000000-AAWM3:1:1101:1904:13374
	CCTATATTA
  M02621:29:000000000-AAWM3:1:1101:3162:13375
	ACGGTCCAA
  M02621:29:000000000-AAWM3:1:1101:21489:13425
	ACCGACTCT
  M02621:29:000000000-AAWM3:1:1101:5616:13481
	GATAGAAAC
  M02621:29:000000000-AAWM3:1:1101:6461:13493
	GGCGAACAG
  M02621:29:000000000-AAWM3:1:1101:9282:13522
	GATGACCAC
  M02621:29:000000000-AAWM3:1:1101:11723:13531
	CGAAAGGTT
  M02621:29:000000000-AAWM3:1:1101:12935:13531
	GTACACACT
  M02621:29:000000000-AAWM3:1:1101:27757:13534
	CACCCTCGG
  M02621:29:000000000-AAWM3:1:1101:21063:13535
	TGAGAAGAC
  M02621:29:000000000-AAWM3:1:1101:23226:13541
	ACATAACTA
  M02621:29:000000000-AAWM3:1:1101:27900:13542
	CCGATGCCA
  M02621:29:000000000-AAWM3:1:1101:25950:13547
	AGCGTTCAC
  M02621:29:000000000-AAWM3:1:1101:17456:13568
	ACGCACGTA
  M02621:29:000000000-AAWM3:1:1101:21451:13580
	CATTACTCC
  M02621:29:000000000-AAWM3:1:1101:4177:13584
	AAAGATGGT
  M02621:29:000000000-AAWM3:1:1101:25770:13603
	CATCACTAA
  M02621:29:000000000-AAWM3:1:1101:9575:13608
	GTACACACT
  M02621:29:000000000-AAWM3:1:1101:17972:13616
	ATCGCATAG
  M02621:29:000000000-AAWM3:1:1101:17358:13636
	TAGTTGATA
  M02621:29:000000000-AAWM3:1:1101:25698:13640
	AAGCGAACT
  M02621:29:000000000-AAWM3:1:1101:21608:13645
	GCGAAACTA
  M02621:29:000000000-AAWM3:1:1101:25420:13646
	CCCGAAATT
  M02621:29:000000000-AAWM3:1:1101:15555:13694
	CTACTTTTC
  M02621:29:000000000-AAWM3:1:1101:27606:13706
	TCGACGAAA
  M02621:29:000000000-AAWM3:1:1101:3397:13711
	ACCGTTAGT
  M02621:29:000000000-AAWM3:1:1101:20754:13729
	TCAGATTGA
  M02621:29:000000000-AAWM3:1:1101:16771:13733
	CAGGGCTAC
  M02621:29:000000000-AAWM3:1:1101:24330:13740
	TGGAGCACG
  M02621:29:000000000-AAWM3:1:1101:9890:13786
	TAGCCGCCC
  M02621:29:000000000-AAWM3:1:1101:15337:13788
	TACCTTTAG
  M02621:29:000000000-AAWM3:1:1101:2445:13803
	CGACCGCT
  M02621:29:000000000-AAWM3:1:1101:28760:13826
	GGCAGAACG
  M02621:29:000000000-AAWM3:1:1101:19954:13827
	CGATATACG
  M02621:29:000000000-AAWM3:1:1101:22865:13831
	GGCAGAACT
  M02621:29:000000000-AAWM3:1:1101:24633:13886
	GGCAGCGAT
  M02621:29:000000000-AAWM3:1:1101:5008:13895
	AGTGAATAC
  M02621:29:000000000-AAWM3:1:1101:5862:13902
	TTAACAAAC
  M02621:29:000000000-AAWM3:1:1101:24316:13907
	AAAAACCAA
  M02621:29:000000000-AAWM3:1:1101:12814:13907
	CTTCAAAGA
  M02621:29:000000000-AAWM3:1:1101:11631:13952
	AATAGCAGG
  M02621:29:000000000-AAWM3:1:1101:14128:13962
	AGCTATAAC
  M02621:29:000000000-AAWM3:1:1101:9398:13972
	GCGACATAT
  M02621:29:000000000-AAWM3:1:1101:9148:13973
	ACACCCGAA
  M02621:29:000000000-AAWM3:1:1101:10146:13981
	CTGGGATGG
  M02621:29:000000000-AAWM3:1:1101:7324:13998
	ATATAAAGC
  M02621:29:000000000-AAWM3:1:1101:5729:14001
	AGCACCAGT
  M02621:29:000000000-AAWM3:1:1101:17517:14003
	GCGAACGTC
  M02621:29:000000000-AAWM3:1:1101:27847:14031
	ATCTAAATA
  M02621:29:000000000-AAWM3:1:1101:11795:14059
	ACGGCTGGA
  M02621:29:000000000-AAWM3:1:1101:6907:14120
	AAACTGTTA
  M02621:29:000000000-AAWM3:1:1101:28528:14195
	CCTTAGTCG
  M02621:29:000000000-AAWM3:1:1101:26895:14196
	TTACCAAGA
  M02621:29:000000000-AAWM3:1:1101:4978:14226
	CATTACTCC
  M02621:29:000000000-AAWM3:1:1101:16173:14229
	GACCATTCT
  M02621:29:000000000-AAWM3:1:1101:16548:14237
	AGTAAAATT
  M02621:29:000000000-AAWM3:1:1101:16920:14277
	CCGCCGGCC
  M02621:29:000000000-AAWM3:1:1101:9467:14291
	ACAGCTCAT
  M02621:29:000000000-AAWM3:1:1101:18871:14305
	ATCTCCAAT
  M02621:29:000000000-AAWM3:1:1101:26306:14308
	TCTCCTCGC
  M02621:29:000000000-AAWM3:1:1101:11763:14308
	AACCACGAG
  M02621:29:000000000-AAWM3:1:1101:10164:14308
	AATAAAATT
  M02621:29:000000000-AAWM3:1:1101:21869:14321
	ATGACTAAA
  M02621:29:000000000-AAWM3:1:1101:3546:14326
	GTTAATATA
  M02621:29:000000000-AAWM3:1:1101:5796:14340
	GACAAT
  M02621:29:000000000-AAWM3:1:1101:22495:14357
	TCAACAAGC
  M02621:29:000000000-AAWM3:1:1101:18659:14385
	GTAACTCAA
  M02621:29:000000000-AAWM3:1:1101:5852:14411
	AAGGATGGT
  M02621:29:000000000-AAWM3:1:1101:16800:14424
	CGACCGCT
  M02621:29:000000000-AAWM3:1:1101:20048:14504
	TACCAACTT
  M02621:29:000000000-AAWM3:1:1101:27171:14533
	CTGAGACAC
  M02621:29:000000000-AAWM3:1:1101:4172:14559
	AGAACCCGA
  M02621:29:000000000-AAWM3:1:1101:17174:14563
	TCTCTCAAT
  M02621:29:000000000-AAWM3:1:1101:26480:14589
	TTAACCTAA
  M02621:29:000000000-AAWM3:1:1101:19308:14607
	TGCATTGGC
  M02621:29:000000000-AAWM3:1:1101:23992:14620
	TTAGAGCCA
  M02621:29:000000000-AAWM3:1:1101:22927:14622
	CTATCAGTG
  M02621:29:000000000-AAWM3:1:1101:16589:14643
	GCAAGACTA
  M02621:29:000000000-AAWM3:1:1101:26829:14648
	TAACTTTAG
  M02621:29:000000000-AAWM3:1:1101:7042:14650
	TACATTGGC
  M02621:29:000000000-AAWM3:1:1101:12419:14658
	CGGCGCAAA
  M02621:29:000000000-AAWM3:1:1101:28916:14710
	CGATCACGA
  M02621:29:000000000-AAWM3:1:1101:2377:14718
	GAAAAATTT
  M02621:29:000000000-AAWM3:1:1101:15539:14733
	ATCTCCAAT
  M02621:29:000000000-AAWM3:1:1101:9522:14734
	TAGCGCAAT
  M02621:29:000000000-AAWM3:1:1101:11784:14747
	AGTGCCACG
  M02621:29:000000000-AAWM3:1:1101:5028:14806
	CTACGTCGT
  M02621:29:000000000-AAWM3:1:1101:25774:14821
	CGTTTATTT
  M02621:29:000000000-AAWM3:1:1101:18734:14828
	GTACGAGAA
  M02621:29:000000000-AAWM3:1:1101:4752:14844
	TAAGACCTT
  M02621:29:000000000-AAWM3:1:1101:14946:14873
	GTAACACAA
  M02621:29:000000000-AAWM3:1:1101:18453:14877
	ATCATCTGC
  M02621:29:000000000-AAWM3:1:1101:19097:14896
	CACTTCACC
  M02621:29:000000000-AAWM3:1:1101:3568:14905
	ACGGTCCAA
  M02621:29:000000000-AAWM3:1:1101:9089:14922
	GACCATTCT
  M02621:29:000000000-AAWM3:1:1101:29386:14939
	CATTAAAAC
  M02621:29:000000000-AAWM3:1:1101:26469:14948
	AATGCAATT
  M02621:29:000000000-AAWM3:1:1101:6421:14970
	AACGGCTAG
  M02621:29:000000000-AAWM3:1:1101:4528:14996
	TAAACAAAC
  M02621:29:000000000-AAWM3:1:1101:8865:15012
	GCCATAGCT
  M02621:29:000000000-AAWM3:1:1101:18608:15014
	TCTCCTCGC
  M02621:29:000000000-AAWM3:1:1101:24363:15028
	GAACGAGAA
  M02621:29:000000000-AAWM3:1:1101:10105:15055
	GAGCGTCAT
  M02621:29:000000000-AAWM3:1:1101:17433:15056
	ATCCCGACG
  M02621:29:000000000-AAWM3:1:1101:21621:15092
	AAATAAAGA
  M02621:29:000000000-AAWM3:1:1101:16123:15100
	AGTGAATAC
  M02621:29:000000000-AAWM3:1:1101:15580:15106
	TGGGATCAA
  M02621:29:000000000-AAWM3:1:1101:13505:15135
	ACAGCTAAC
  M02621:29:000000000-AAWM3:1:1101:26439:15144
	
  M02621:29:000000000-AAWM3:1:1101:7433:15147
	CTGCTTTTC
  M02621:29:000000000-AAWM3:1:1101:17660:15158
	
  M02621:29:000000000-AAWM3:1:1101:26344:15181
	CTAGTACAC
  M02621:29:000000000-AAWM3:1:1101:17773:15226
	CTGAGCTAC
  M02621:29:000000000-AAWM3:1:1101:19098:15248
	CTACCACCC
  M02621:29:000000000-AAWM3:1:1101:11258:15276
	AGAGACTAG
  M02621:29:000000000-AAWM3:1:1101:19954:15278
	CACCGGAGA
  M02621:29:000000000-AAWM3:1:1101:24286:15288
	AGACTGTTA
  M02621:29:000000000-AAWM3:1:1101:26869:15391
	ATAGAAAGC
  M02621:29:000000000-AAWM3:1:1101:17486:15398
	TAACATGGA
  M02621:29:000000000-AAWM3:1:1101:22320:15409
	TTAGCAAAC
  M02621:29:000000000-AAWM3:1:1101:23234:15417
	CGATATACG
  M02621:29:000000000-AAWM3:1:1101:2582:15425
	TAAACAAAC
  M02621:29:000000000-AAWM3:1:1101:27659:15433
	TTCAATACA
  M02621:29:000000000-AAWM3:1:1101:14488:15472
	TACTACAAG
  M02621:29:000000000-AAWM3:1:1101:21003:15490
	TCTCCTCGC
  M02621:29:000000000-AAWM3:1:1101:21955:15499
	CCCCACCAG
  M02621:29:000000000-AAWM3:1:1101:28909:15532
	AGCTAGTAT
  M02621:29:000000000-AAWM3:1:1101:9488:15541
	AGAGAATGT
  M02621:29:000000000-AAWM3:1:1101:13249:15542
	AGTACTCAT
  M02621:29:000000000-AAWM3:1:1101:18512:15546
	TCATAACAA
  M02621:29:000000000-AAWM3:1:1101:24759:15581
	TAAAGAAAT
  M02621:29:000000000-AAWM3:1:1101:23639:15586
	CTACCACCC
  M02621:29:000000000-AAWM3:1:1101:12973:15589
	GTAACTCTA
  M02621:29:000000000-AAWM3:1:1101:17830:15593
	AATAAAATT
  M02621:29:000000000-AAWM3:1:1101:8326:15674
	AGCGGAAAG
  M02621:29:000000000-AAWM3:1:1101:5842:15691
	ACAGAGCGG
  M02621:29:000000000-AAWM3:1:1101:14829:15693
	AACTATAAC
  M02621:29:000000000-AAWM3:1:1101:22462:15719
	TTAACAAAC
  M02621:29:000000000-AAWM3:1:1101:7885:15722
	CTCTCCACT
  M02621:29:000000000-AAWM3:1:1101:24801:15741
	ACATGAAGA
  M02621:29:000000000-AAWM3:1:1101:16528:15751
	CCCGTAATT
  M02621:29:000000000-AAWM3:1:1101:24953:15805
	TGCTATACC
  M02621:29:000000000-AAWM3:1:1101:12794:15810
	AAATATCTT
  M02621:29:000000000-AAWM3:1:1101:11093:15819
	TGACTTTAG
  M02621:29:000000000-AAWM3:1:1101:22052:15856
	ACGTAAAGA
  M02621:29:000000000-AAWM3:1:1101:3825:15871
	TCTTCAGCG
  M02621:29:000000000-AAWM3:1:1101:26079:15906
	GAAGGATTT
  M02621:29:000000000-AAWM3:1:1101:18262:15914
	AGGGAGAAA
  M02621:29:000000000-AAWM3:1:1101:3384:15922
	TGACGTGGA
  M02621:29:000000000-AAWM3:1:1101:21893:15924
	GTAAATATA
  M02621:29:000000000-AAWM3:1:1101:15945:15926
	AACGCCGAC
  M02621:29:000000000-AAWM3:1:1101:25868:15948
	ACTGCTCAT
  M02621:29:000000000-AAWM3:1:1101:13116:15949
	TGCTATACC
  M02621:29:000000000-AAWM3:1:1101:2562:15992
	GTTGATATA
  M02621:29:000000000-AAWM3:1:1101:10156:16002
	GCCATAGCT
  M02621:29:000000000-AAWM3:1:1101:14011:16011
	ACAGGGCCA
  M02621:29:000000000-AAWM3:1:1101:16671:16014
	CCAGAAAAG
  M02621:29:000000000-AAWM3:1:1101:15143:16028
	AATAAAATT
  M02621:29:000000000-AAWM3:1:1101:11578:16054
	CCCAATCCG
  M02621:29:000000000-AAWM3:1:1101:4383:16055
	CCAGCACAC
  M02621:29:000000000-AAWM3:1:1101:3818:16057
	TGGACCCGA
  M02621:29:000000000-AAWM3:1:1101:9065:16059
	TGACATGGA
  M02621:29:000000000-AAWM3:1:1101:15988:16090
	CAGGGCTAC
  M02621:29:000000000-AAWM3:1:1101:10609:16094
	CCTTAGTTG
  M02621:29:000000000-AAWM3:1:1101:23710:16098
	CCGGATACC
  M02621:29:000000000-AAWM3:1:1101:22791:16099
	ACCGACTCT
  M02621:29:000000000-AAWM3:1:1101:5195:16119
	TTAACAAAC
  M02621:29:000000000-AAWM3:1:1101:27983:16122
	GCCAAAGCT
  M02621:29:000000000-AAWM3:1:1101:10427:16129
	TAGAAGACA
  M02621:29:000000000-AAWM3:1:1101:4545:16137
	TTGCCATAC
  M02621:29:000000000-AAWM3:1:1101:4787:16138
	CACTCAGGT
  M02621:29:000000000-AAWM3:1:1101:10403:16165
	AATGAATAC
  M02621:29:000000000-AAWM3:1:1101:8257:16174
	GTTAATATA
  M02621:29:000000000-AAWM3:1:1101:3191:16175
	TCGTATCCC
  M02621:29:000000000-AAWM3:1:1101:16049:16241
	TATTAGTC
  M02621:29:000000000-AAWM3:1:1101:8648:16248
	CGCATACGC
  M02621:29:000000000-AAWM3:1:1101:13599:16272
	GGCGACGAT
  M02621:29:000000000-AAWM3:1:1101:22253:16274
	CACTCAGGT
  M02621:29:000000000-AAWM3:1:1101:8866:16276
	TCAACAAGC
  M02621:29:000000000-AAWM3:1:1101:10147:16306
	TTCTACAAG
  M02621:29:000000000-AAWM3:1:1101:19798:16383
	ATGTCGCTA
  M02621:29:000000000-AAWM3:1:1101:20943:16389
	AGTGAATAC
  M02621:29:000000000-AAWM3:1:1101:20692:16432
	CCGTTCAAT
  M02621:29:000000000-AAWM3:1:1101:4900:16443
	CAAGAGGTT
  M02621:29:000000000-AAWM3:1:1101:7806:16452
	GGCAACGAT
  M02621:29:000000000-AAWM3:1:1101:29269:16471
	ACCAACTCT
  M02621:29:000000000-AAWM3:1:1101:23013:16505
	CTTGTGAAG
  M02621:29:000000000-AAWM3:1:1101:4242:16544
	ATTCAGCAA
  M02621:29:000000000-AAWM3:1:1101:28865:16552
	TCTCTCTTT
  M02621:29:000000000-AAWM3:1:1101:22358:16583
	AATGAAATT
  M02621:29:000000000-AAWM3:1:1101:23130:16585
	TAAGCCTAA
  M02621:29:000000000-AAWM3:1:1101:15813:16622
	CCCAATCCG
  M02621:29:000000000-AAWM3:1:1101:28012:16624
	TCAACAAGC
  M02621:29:000000000-AAWM3:1:1101:7939:16624
	TGCCACGCA
  M02621:29:000000000-AAWM3:1:1101:9828:16678
	CGGTGTCCC
  M02621:29:000000000-AAWM3:1:1101:20728:16683
	AGTACTCAT
  M02621:29:000000000-AAWM3:1:1101:16685:16713
	CTCTCCACT
  M02621:29:000000000-AAWM3:1:1101:10324:16731
	CTATCAGTG
  M02621:29:000000000-AAWM3:1:1101:23762:16749
	TGCATTACC
  M02621:29:000000000-AAWM3:1:1101:9107:16776
	TCGTGCACT
  M02621:29:000000000-AAWM3:1:1101:21832:16780
	TCGAATTGA
  M02621:29:000000000-AAWM3:1:1101:11273:16793
	CCGCCGGC
  M02621:29:000000000-AAWM3:1:1101:8228:16794
	TGTTAGTC
  M02621:29:000000000-AAWM3:1:1101:26286:16813
	TAGCGGGTA
  M02621:29:000000000-AAWM3:1:1101:28124:16842
	ACACGTATG
  M02621:29:000000000-AAWM3:1:1101:22456:16851
	CGATATACG
  M02621:29:000000000-AAWM3:1:1101:28100:16856
	TGCTTTACC
  M02621:29:000000000-AAWM3:1:1101:5092:16880
	AGTGAATAC
  M02621:29:000000000-AAWM3:1:1101:27576:16887
	CTGTCCCTA
  M02621:29:000000000-AAWM3:1:1101:11588:16892
	GGCCATTCT
  M02621:29:000000000-AAWM3:1:1101:12421:16903
	GGGTCTAAA
  M02621:29:000000000-AAWM3:1:1101:24810:16916
	TACATTGGC
  M02621:29:000000000-AAWM3:1:1101:17634:16949
	ATAGGTAAA
  M02621:29:000000000-AAWM3:1:1101:9190:16966
	TATGAAGAC
  M02621:29:000000000-AAWM3:1:1101:2822:16973
	ATGTCGCTA
  M02621:29:000000000-AAWM3:1:1101:12482:16980
	TTCTGCAAG
  M02621:29:000000000-AAWM3:1:1101:24338:16993
	CATTGCGCA
  M02621:29:000000000-AAWM3:1:1101:26168:17011
	GTACTAGTT
  M02621:29:000000000-AAWM3:1:1101:10592:17033
	CAGTATACG
  M02621:29:000000000-AAWM3:1:1101:4708:17073
	CACCCTGCA
  M02621:29:000000000-AAWM3:1:1101:5776:17080
	TTCGCCCCC
  M02621:29:000000000-AAWM3:1:1101:12939:17082
	CAACCCTTA
  M02621:29:000000000-AAWM3:1:1101:19728:17127
	CAACCGTT
  M02621:29:000000000-AAWM3:1:1101:28470:17129
	GGATAAGA
  M02621:29:000000000-AAWM3:1:1101:9114:17129
	AGAGTCGTA
  M02621:29:000000000-AAWM3:1:1101:21749:17150
	GACCCACTT
  M02621:29:000000000-AAWM3:1:1101:16228:17164
	TGGCTCACT
  M02621:29:000000000-AAWM3:1:1101:24552:17186
	ATAACTAAA
  M02621:29:000000000-AAWM3:1:1101:14334:17205
	GACAGGCCC
  M02621:29:000000000-AAWM3:1:1101:13260:17214
	CCGGTGCCA
  M02621:29:000000000-AAWM3:1:1101:13752:17240
	CCTCGCTAA
  M02621:29:000000000-AAWM3:1:1101:5135:17244
	GCCATAGCT
  M02621:29:000000000-AAWM3:1:1101:27073:17289
	CACCCTGCA
  M02621:29:000000000-AAWM3:1:1101:15455:17306
	AGTACCACG
  M02621:29:000000000-AAWM3:1:1101:28498:17309
	CACCAGGAT
  M02621:29:000000000-AAWM3:1:1101:19129:17355
	CAGACCACG
  M02621:29:000000000-AAWM3:1:1101:11480:17371
	TCAGCAAGC
  M02621:29:000000000-AAWM3:1:1101:23569:17383
	GAGTTGGAT
  M02621:29:000000000-AAWM3:1:1101:17612:17396
	TTCGGCGAT
  M02621:29:000000000-AAWM3:1:1101:16066:17414
	TATGAAGAC
  M02621:29:000000000-AAWM3:1:1101:10308:17425
	TCTCCTCGC
  M02621:29:000000000-AAWM3:1:1101:4904:17483
	AATCACGAC
  M02621:29:000000000-AAWM3:1:1101:21545:17564
	ACCGTTAGT
  M02621:29:000000000-AAWM3:1:1101:15517:17582
	CACGGCCCT
  M02621:29:000000000-AAWM3:1:1101:22371:17583
	GAGTCTAAA
  M02621:29:000000000-AAWM3:1:1101:14774:17586
	CTACCACCC
  M02621:29:000000000-AAWM3:1:1101:4907:17624
	GAATGATTT
  M02621:29:000000000-AAWM3:1:1101:15585:17641
	AGCTGAAAC
  M02621:29:000000000-AAWM3:1:1101:6913:17650
	AATATGAAT
  M02621:29:000000000-AAWM3:1:1101:7867:17654
	ATCAGTTTT
  M02621:29:000000000-AAWM3:1:1101:22734:17671
	TCAACAAGC
  M02621:29:000000000-AAWM3:1:1101:16739:17679
	GTAGATCTC
  M02621:29:000000000-AAWM3:1:1101:26910:17707
	CGCTCAGGT
  M02621:29:000000000-AAWM3:1:1101:15665:17710
	CGGCCGCT
  M02621:29:000000000-AAWM3:1:1101:22053:17719
	AATACCACG
  M02621:29:000000000-AAWM3:1:1101:28137:17746
	CATCGTACC
  M02621:29:000000000-AAWM3:1:1101:23061:17752
	TACCTTTC
  M02621:29:000000000-AAWM3:1:1101:23725:17756
	TAACATGGA
  M02621:29:000000000-AAWM3:1:1101:16566:17756
	TCCTCGACG
  M02621:29:000000000-AAWM3:1:1101:18028:17785
	AATAAATAC
  M02621:29:000000000-AAWM3:1:1101:13922:17786
	TCCTTTCGA
  M02621:29:000000000-AAWM3:1:1101:18079:17807
	CCACGCTAA
  M02621:29:000000000-AAWM3:1:1101:25830:17824
	CAGTAAAAA
  M02621:29:000000000-AAWM3:1:1101:25930:17841
	AATACAATT
  M02621:29:000000000-AAWM3:1:1101:25637:17849
	CACTACTCC
  M02621:29:000000000-AAWM3:1:1101:8535:17904
	ACGGTCCAA
  M02621:29:000000000-AAWM3:1:1101:16532:17906
	CGATCACCT
  M02621:29:000000000-AAWM3:1:1101:6077:17929
	CGGTGTACG
  M02621:29:000000000-AAWM3:1:1101:23567:18017
	CTACCACCC
  M02621:29:000000000-AAWM3:1:1101:23974:18037
	CGATCACGA
  M02621:29:000000000-AAWM3:1:1101:15811:18084
	ACAGTTATC
  M02621:29:000000000-AAWM3:1:1101:17802:18100
	ATCATGCGA
  M02621:29:000000000-AAWM3:1:1101:7988:18168
	ACCGGCTCT
  M02621:29:000000000-AAWM3:1:1101:22456:18194
	GAGCGTCAT
  M02621:29:000000000-AAWM3:1:1101:9694:18210
	GGTCACCAT
  M02621:29:000000000-AAWM3:1:1101:25428:18230
	ACTAATTTA
  M02621:29:000000000-AAWM3:1:1101:16521:18241
	CTTCAAAGA
  M02621:29:000000000-AAWM3:1:1101:12131:18260
	TTGGGGCCA
  M02621:29:000000000-AAWM3:1:1101:21750:18276
	TGACGTGGA
  M02621:29:000000000-AAWM3:1:1101:12406:18313
	AGTTGAAGG
  M02621:29:000000000-AAWM3:1:1101:9868:18325
	AATGAATGT
  M02621:29:000000000-AAWM3:1:1101:6687:18342
	CCTATATTA
  M02621:29:000000000-AAWM3:1:1101:16874:18346
	AGCGCCAGT
  M02621:29:000000000-AAWM3:1:1101:11614:18352
	ATCACCAAT
  M02621:29:000000000-AAWM3:1:1101:22476:18402
	AAGTAAAGA
  M02621:29:000000000-AAWM3:1:1101:27803:18412
	ACAGCTAAC
  M02621:29:000000000-AAWM3:1:1101:7512:18422
	TACAATGGC
  M02621:29:000000000-AAWM3:1:1101:10805:18426
	TCTACCAGA
  M02621:29:000000000-AAWM3:1:1101:20057:18445
	AAGGATGGT
  M02621:29:000000000-AAWM3:1:1101:13285:18457
	GTAGCACAA
  M02621:29:000000000-AAWM3:1:1101:26257:18483
	GTCACCCGA
  M02621:29:000000000-AAWM3:1:1101:12948:18484
	CCACTGCTA
  M02621:29:000000000-AAWM3:1:1101:25226:18486
	TTCAGCGAT
  M02621:29:000000000-AAWM3:1:1101:27845:18624
	CCCCACCAG
  M02621:29:000000000-AAWM3:1:1101:7663:18644
	GGCAGAACT
  M02621:29:000000000-AAWM3:1:1101:11231:18699
	CATCCAACC
  M02621:29:000000000-AAWM3:1:1101:26865:18703
	AGAAACTAG
  M02621:29:000000000-AAWM3:1:1101:26473:18715
	CCATTAGGT
  M02621:29:000000000-AAWM3:1:1101:21609:18715
	AATAGAATT
  M02621:29:000000000-AAWM3:1:1101:11194:18716
	GAAGTCCCC
  M02621:29:000000000-AAWM3:1:1101:20284:18737
	GAAGCATAT
  M02621:29:000000000-AAWM3:1:1101:24052:18763
	TGGGAGACA
  M02621:29:000000000-AAWM3:1:1101:6563:18797
	AATGCAAAG
  M02621:29:000000000-AAWM3:1:1101:12093:18865
	CGCCGGAGA
  M02621:29:000000000-AAWM3:1:1101:3148:18894
	GTTAGTATA
  M02621:29:000000000-AAWM3:1:1101:27385:18923
	GTGACTCTA
  M02621:29:000000000-AAWM3:1:1101:14171:18949
	CGGTAAAAA
  M02621:29:000000000-AAWM3:1:1101:10316:18998
	GTTGATATA
  M02621:29:000000000-AAWM3:1:1101:5783:19012
	AAGGAGCGG
  M02621:29:000000000-AAWM3:1:1101:16882:19023
	GTAAGTCTC
  M02621:29:000000000-AAWM3:1:1101:24506:19065
	AGTGAATAC
  M02621:29:000000000-AAWM3:1:1101:23710:19077
	TTGGCCTAA
  M02621:29:000000000-AAWM3:1:1101:19913:19091
	TGGACCCGA
  M02621:29:000000000-AAWM3:1:1101:27864:19092
	TGCATTACC
  M02621:29:000000000-AAWM3:1:1101:7834:19162
	GACCGACTT
  M02621:29:000000000-AAWM3:1:1101:23751:19163
	CAATTATTT
  M02621:29:000000000-AAWM3:1:1101:17703:19186
	GTAAATATA
  M02621:29:000000000-AAWM3:1:1101:9220:19224
	CATCTCTAA
  M02621:29:000000000-AAWM3:1:1101:27562:19244
	CAACTCAGC
  M02621:29:000000000-AAWM3:1:1101:24975:19258
	TGCATACAA
  M02621:29:000000000-AAWM3:1:1101:3519:19296
	TACACTGGC
  M02621:29:000000000-AAWM3:1:1101:27455:19298
	GAAGCATAT
  M02621:29:000000000-AAWM3:1:1101:13204:19304
	GCAGACGTC
  M02621:29:000000000-AAWM3:1:1101:19174:19345
	AGTAACTGG
  M02621:29:000000000-AAWM3:1:1101:6969:19346
	ATCGCATAG
  M02621:29:000000000-AAWM3:1:1101:20559:19367
	TTAAAAACC
  M02621:29:000000000-AAWM3:1:1101:21897:19380
	CGTAACGAG
  M02621:29:000000000-AAWM3:1:1101:23783:19385
	AGCCGCGAG
  M02621:29:000000000-AAWM3:1:1101:7315:19424
	TAAGATCAA
  M02621:29:000000000-AAWM3:1:1101:8248:19467
	ACCGACTCT
  M02621:29:000000000-AAWM3:1:1101:3546:19510
	ACACACAAC
  M02621:29:000000000-AAWM3:1:1101:12509:19512
	ATCTCCAAT
  M02621:29:000000000-AAWM3:1:1101:9477:19530
	AGAGCATAT
  M02621:29:000000000-AAWM3:1:1101:5532:19546
	ACTACTCAT
  M02621:29:000000000-AAWM3:1:1101:9395:19546
	ACGGGGCCA
  M02621:29:000000000-AAWM3:1:1101:19842:19560
	CATAGCTCC
  M02621:29:000000000-AAWM3:1:1101:24786:19577
	CAGAGGTTT
  M02621:29:000000000-AAWM3:1:1101:4739:19584
	CCAGAATGA
  M02621:29:000000000-AAWM3:1:1101:19972:19617
	GTGCGAGAA
  M02621:29:000000000-AAWM3:1:1101:27126:19630
	CGATATACG
  M02621:29:000000000-AAWM3:1:1101:16745:19638
	CGAACCACG
  M02621:29:000000000-AAWM3:1:1101:24532:19648
	CTCTCCACT
  M02621:29:000000000-AAWM3:1:1101:13912:19669
	GTACTAGTT
  M02621:29:000000000-AAWM3:1:1101:5874:19699
	ACACTACTC
  M02621:29:000000000-AAWM3:1:1101:27844:19756
	GCCATAGCT
  M02621:29:000000000-AAWM3:1:1101:12208:19762
	AGTACAAAG
  M02621:29:000000000-AAWM3:1:1101:14504:19862
	CAGAAAAAA
  M02621:29:000000000-AAWM3:1:1101:11089:19881
	TGGAACTGG
  M02621:29:000000000-AAWM3:1:1101:14662:19909
	GTTAATATA
  M02621:29:000000000-AAWM3:1:1101:20921:19922
	AACGAACGT
  M02621:29:000000000-AAWM3:1:1101:11934:19926
	CTCTACAAG
  M02621:29:000000000-AAWM3:1:1101:21044:19952
	CGGTGTACG
  M02621:29:000000000-AAWM3:1:1101:17695:19978
	AAATTCTCG
  M02621:29:000000000-AAWM3:1:1101:21033:19992
	AA
  M02621:29:000000000-AAWM3:1:1101:18733:19995
	GTGTTGGAT
  M02621:29:000000000-AAWM3:1:1101:9248:20037
	TACGTACAA
  M02621:29:000000000-AAWM3:1:1101:15448:20042
	AAGAGTAAT
  M02621:29:000000000-AAWM3:1:1101:23647:20066
	GTTAGTATA
  M02621:29:000000000-AAWM3:1:1101:6965:20091
	AAATATCTT
  M02621:29:000000000-AAWM3:1:1101:12758:20100
	CGTTAAAAC
  M02621:29:000000000-AAWM3:1:1101:4754:20109
	CTAGTACAC
  M02621:29:000000000-AAWM3:1:1101:22967:20117
	CTACCACCC
  M02621:29:000000000-AAWM3:1:1101:20199:20155
	AGCACCCAA
  M02621:29:000000000-AAWM3:1:1101:10245:20167
	ACCCGGTGC
  M02621:29:000000000-AAWM3:1:1101:6486:20206
	GAGGAATTT
  M02621:29:000000000-AAWM3:1:1101:17145:20295
	CCATACAAT
  M02621:29:000000000-AAWM3:1:1101:9585:20354
	TTCTACAAG
  M02621:29:000000000-AAWM3:1:1101:6977:20388
	GAGACCCGA
  M02621:29:000000000-AAWM3:1:1101:25459:20393
	GCGACATAT
  M02621:29:000000000-AAWM3:1:1101:15988:20415
	TCCTTTCGA
  M02621:29:000000000-AAWM3:1:1101:20005:20429
	GTGAATCTC
  M02621:29:000000000-AAWM3:1:1101:16703:20438
	TTGTAGCTA
  M02621:29:000000000-AAWM3:1:1101:6294:20453
	ACACACAAC
  M02621:29:000000000-AAWM3:1:1101:19206:20455
	CAGTCACGA
  M02621:29:000000000-AAWM3:1:1101:11336:20465
	ATAAGTAAA
  M02621:29:000000000-AAWM3:1:1101:13955:20477
	GAGTTGGAT
  M02621:29:000000000-AAWM3:1:1101:16078:20491
	CCATTCAAT
  M02621:29:000000000-AAWM3:1:1101:8846:20533
	ATAACTAAA
  M02621:29:000000000-AAWM3:1:1101:23850:20535
	TAAATACAA
  M02621:29:000000000-AAWM3:1:1101:26409:20541
	ATAAACCGA
  M02621:29:000000000-AAWM3:1:1101:22722:20565
	TCAACAAGC
  M02621:29:000000000-AAWM3:1:1101:19288:20594
	TGGGACCAA
  M02621:29:000000000-AAWM3:1:1101:14877:20614
	CAGTATACG
  M02621:29:000000000-AAWM3:1:1101:6724:20638
	CATTGCTCC
  M02621:29:000000000-AAWM3:1:1101:4700:20718
	TAAAACTGG
  M02621:29:000000000-AAWM3:1:1101:19793:20763
	AACCCACTA
  M02621:29:000000000-AAWM3:1:1101:15660:20771
	AACGAAAAG
  M02621:29:000000000-AAWM3:1:1101:24326:20775
	CGATTCCAA
  M02621:29:000000000-AAWM3:1:1101:23728:20823
	TACTTTACC
  M02621:29:000000000-AAWM3:1:1101:7675:20847
	ACACCCGAA
  M02621:29:000000000-AAWM3:1:1101:7204:20848
	GCGGCATAT
  M02621:29:000000000-AAWM3:1:1101:24824:20871
	CTGCCACCC
  M02621:29:000000000-AAWM3:1:1101:26971:20873
	CACCCTGCA
  M02621:29:000000000-AAWM3:1:1101:26852:20875
	TAAAGAACC
  M02621:29:000000000-AAWM3:1:1101:26329:20895
	GGCAAAACT
  M02621:29:000000000-AAWM3:1:1101:10349:20977
	CTGAAATGG
  M02621:29:000000000-AAWM3:1:1101:25561:20988
	TCTGGACAA
  M02621:29:000000000-AAWM3:1:1101:8468:20991
	AATAGAATT
  M02621:29:000000000-AAWM3:1:1101:18725:20996
	TGACATGGA
  M02621:29:000000000-AAWM3:1:1101:15982:21058
	AGTAGAAAC
  M02621:29:000000000-AAWM3:1:1101:12006:21092
	CGTCCAACC
  M02621:29:000000000-AAWM3:1:1101:26932:21131
	ATCTCCAAT
  M02621:29:000000000-AAWM3:1:1101:19526:21138
	CGTTGCGAG
  M02621:29:000000000-AAWM3:1:1101:23439:21139
	CGTCATACC
  M02621:29:000000000-AAWM3:1:1101:18504:21211
	CAACCCTTA
  M02621:29:000000000-AAWM3:1:1101:22959:21265
	AACCCACTA
  M02621:29:000000000-AAWM3:1:1101:4506:21268
	ATTCGGAAT
  M02621:29:000000000-AAWM3:1:1101:13189:21283
	AGCACCAGT
  M02621:29:000000000-AAWM3:1:1101:17373:21328
	CTACAAAGA
  M02621:29:000000000-AAWM3:1:1101:19250:21337
	CAAAAACGC
  M02621:29:000000000-AAWM3:1:1101:13663:21386
	AAGTAAAGA
  M02621:29:000000000-AAWM3:1:1101:7155:21412
	TTCAATACA
  M02621:29:000000000-AAWM3:1:1101:5032:21445
	CTACGTCGT
  M02621:29:000000000-AAWM3:1:1101:7535:21452
	TGCAAAGTC
  M02621:29:000000000-AAWM3:1:1101:14619:21478
	TAAAACACG
  M02621:29:000000000-AAWM3:1:1101:18324:21484
	ATATCACAA
  M02621:29:000000000-AAWM3:1:1101:25829:21494
	ACGGATGGA
  M02621:29:000000000-AAWM3:1:1101:7600:21499
	TGACTTTAG
  M02621:29:000000000-AAWM3:1:1101:17729:21507
	CTACTTTTC
  M02621:29:000000000-AAWM3:1:1101:7357:21513
	ATTTCTCAT
  M02621:29:000000000-AAWM3:1:1101:23689:21532
	GCCATAGCT
  M02621:29:000000000-AAWM3:1:1101:9619:21574
	ATGTCATCG
  M02621:29:000000000-AAWM3:1:1101:22056:21574
	TAGCCATTG
  M02621:29:000000000-AAWM3:1:1101:10347:21614
	CGGTGTACG
  M02621:29:000000000-AAWM3:1:1101:13598:21624
	CAGGGCTAC
  M02621:29:000000000-AAWM3:1:1101:8123:21627
	TCCTTTCGA
  M02621:29:000000000-AAWM3:1:1101:21092:21631
	TACATACAA
  M02621:29:000000000-AAWM3:1:1101:23518:21633
	ACAGTTATC
  M02621:29:000000000-AAWM3:1:1101:8113:21662
	TACATTGGC
  M02621:29:000000000-AAWM3:1:1101:5595:21682
	GGAATTTTC
  M02621:29:000000000-AAWM3:1:1101:23832:21791
	TCGAGTCCC
  M02621:29:000000000-AAWM3:1:1101:25108:21792
	ACAGATTGA
  M02621:29:000000000-AAWM3:1:1101:15540:21805
	ATACAGCAA
  M02621:29:000000000-AAWM3:1:1101:20937:21806
	AGACTCCGC
  M02621:29:000000000-AAWM3:1:1101:5036:21822
	GGAACATAT
  M02621:29:000000000-AAWM3:1:1101:20531:21827
	CATCGTACC
  M02621:29:000000000-AAWM3:1:1101:24198:21836
	ATAGAAAGC
  M02621:29:000000000-AAWM3:1:1101:16532:21857
	CAGACCACG
  M02621:29:000000000-AAWM3:1:1101:26551:21934
	TTACCAAGA
  M02621:29:000000000-AAWM3:1:1101:15635:21964
	CAGTATACG
  M02621:29:000000000-AAWM3:1:1101:17068:21992
	TTATAGCTA
  M02621:29:000000000-AAWM3:1:1101:22572:22016
	CCAAATACC
  M02621:29:000000000-AAWM3:1:1101:19678:22024
	CCTCGCTAA
  M02621:29:000000000-AAWM3:1:1101:7362:22066
	CAATAAAAT
  M02621:29:000000000-AAWM3:1:1101:19462:22071
	TCCTTTCGA
  M02621:29:000000000-AAWM3:1:1101:15903:22119
	TTCGTCCCC
  M02621:29:000000000-AAWM3:1:1101:19518:22132
	TCAAATCCC
  M02621:29:000000000-AAWM3:1:1101:14197:22135
	TAAGTACAA
  M02621:29:000000000-AAWM3:1:1101:10501:22152
	TTAGCCGAT
  M02621:29:000000000-AAWM3:1:1101:22493:22181
	ATATAAGC
  M02621:29:000000000-AAWM3:1:1101:15060:22213
	AAAAGTTTT
  M02621:29:000000000-AAWM3:1:1101:14287:22227
	ATCCTTTCC
  M02621:29:000000000-AAWM3:1:1101:18704:22233
	ACAGATGGA
  M02621:29:000000000-AAWM3:1:1101:18577:22255
	CCCATAATT
  M02621:29:000000000-AAWM3:1:1101:19770:22263
	GCAACATAT
  M02621:29:000000000-AAWM3:1:1101:18699:22282
	CATCTCTAA
  M02621:29:000000000-AAWM3:1:1101:6027:22286
	ATAAGTAAA
  M02621:29:000000000-AAWM3:1:1101:5211:22367
	GGCAGAACT
  M02621:29:000000000-AAWM3:1:1101:24414:22382
	GGAGAATTT
  M02621:29:000000000-AAWM3:1:1101:8851:22386
	CGCTTCTCC
  M02621:29:000000000-AAWM3:1:1101:15245:22414
	CAACCCTTA
  M02621:29:000000000-AAWM3:1:1101:13239:22424
	ACCTCGACG
  M02621:29:000000000-AAWM3:1:1101:18210:22427
	GACCATTCT
  M02621:29:000000000-AAWM3:1:1101:14055:22458
	TAGGCATTG
  M02621:29:000000000-AAWM3:1:1101:24909:22477
	TTGTAAATT
  M02621:29:000000000-AAWM3:1:1101:7777:22503
	CTATGAAGA
  M02621:29:000000000-AAWM3:1:1101:23880:22506
	GGAATTTTC
  M02621:29:000000000-AAWM3:1:1101:14618:22515
	GGCAGACAG
  M02621:29:000000000-AAWM3:1:1101:6863:22567
	CTACATTTC
  M02621:29:000000000-AAWM3:1:1101:7269:22577
	ACGTAATAT
  M02621:29:000000000-AAWM3:1:1101:15370:22606
	TAAAGAACC
  M02621:29:000000000-AAWM3:1:1101:15042:22668
	TACACACCA
  M02621:29:000000000-AAWM3:1:1101:20115:22684
	TGGGAGACA
  M02621:29:000000000-AAWM3:1:1101:15591:22734
	ATCTCCAAT
  M02621:29:000000000-AAWM3:1:1101:14574:22747
	TGGGACCAA
  M02621:29:000000000-AAWM3:1:1101:18759:22755
	AGTACAAAG
  M02621:29:000000000-AAWM3:1:1101:11466:22764
	TTCTACAAG
  M02621:29:000000000-AAWM3:1:1101:15640:22777
	TACATTGGC
  M02621:29:000000000-AAWM3:1:1101:9862:22820
	CCTAAGTTG
  M02621:29:000000000-AAWM3:1:1101:18222:22878
	AATCCAGGC
  M02621:29:000000000-AAWM3:1:1101:20589:22882
	GGGCATCAT
  M02621:29:000000000-AAWM3:1:1101:22692:22904
	CGCACCGCT
  M02621:29:000000000-AAWM3:1:1101:16178:22987
	ATACCAGAA
  M02621:29:000000000-AAWM3:1:1101:9989:23023
	CCAATGCCA
  M02621:29:000000000-AAWM3:1:1101:18846:23096
	ATCATGCGA
  M02621:29:000000000-AAWM3:1:1101:22468:23127
	CGTCATACC
  M02621:29:000000000-AAWM3:1:1101:15584:23165
	CTACCACCC
  M02621:29:000000000-AAWM3:1:1101:12675:23171
	ACTAATTTA
  M02621:29:000000000-AAWM3:1:1101:17809:23258
	GCGACATAT
  M02621:29:000000000-AAWM3:1:1101:12956:23324
	ACAGTCCAA
  M02621:29:000000000-AAWM3:1:1101:11251:23331
	CTAATACAC
  M02621:29:000000000-AAWM3:1:1101:13057:23332
	TGACACACT
  M02621:29:000000000-AAWM3:1:1101:17243:23345
	ACGGTCCAA
  M02621:29:000000000-AAWM3:1:1101:13116:23364
	TAGAACAAA
  M02621:29:000000000-AAWM3:1:1101:13948:23390
	ACCGACTCT
  M02621:29:000000000-AAWM3:1:1101:8889:23406
	ACATAATAT
  M02621:29:000000000-AAWM3:1:1101:24952:23531
	CCGTGTGAC
  M02621:29:000000000-AAWM3:1:1101:11876:23558
	GCAACCGTC
  M02621:29:000000000-AAWM3:1:1101:17155:23573
	GTACGCACT
  M02621:29:000000000-AAWM3:1:1101:7426:23582
	TTACCGCCC
  M02621:29:000000000-AAWM3:1:1101:18086:23738
	CGGACCACG
  M02621:29:000000000-AAWM3:1:1101:13750:23738
	TGGGAGACA
  M02621:29:000000000-AAWM3:1:1101:11764:23778
	CAGCACAAA
  M02621:29:000000000-AAWM3:1:1101:19188:23885
	CGTTAGACT
  M02621:29:000000000-AAWM3:1:1101:18683:23885
	CGTTGCGAG
  M02621:29:000000000-AAWM3:1:1101:20855:23902
	CACTCCACT
  M02621:29:000000000-AAWM3:1:1101:12552:23928
	GGCTACGAT
  M02621:29:000000000-AAWM3:1:1101:11790:23939
	CGATCACGA
  M02621:29:000000000-AAWM3:1:1101:21461:23965
	GGCGAAACT
  M02621:29:000000000-AAWM3:1:1101:8019:23971
	GCAGAACTA
  M02621:29:000000000-AAWM3:1:1101:17562:23974
	ACAGTCCAA
  M02621:29:000000000-AAWM3:1:1101:9744:24012
	AGAAATTTT
  M02621:29:000000000-AAWM3:1:1101:10455:24055
	GTTAGTATA
  M02621:29:000000000-AAWM3:1:1101:14699:24065
	TAGACTCCT
  M02621:29:000000000-AAWM3:1:1101:9989:24178
	GCGGTTCAC
  M02621:29:000000000-AAWM3:1:1101:10556:24193
	TCTTGGTTC
  M02621:29:000000000-AAWM3:1:1101:19733:24209
	CGATCACGA
  M02621:29:000000000-AAWM3:1:1101:8556:24223
	TACATTGGC
  M02621:29:000000000-AAWM3:1:1101:22261:24257
	ACGGTCCAA
  M02621:29:000000000-AAWM3:1:1101:10596:24275
	ACATAATAT
  M02621:29:000000000-AAWM3:1:1101:15977:24285
	AGCTAGTAT
  M02621:29:000000000-AAWM3:1:1101:23236:24384
	GCGGCATAT
  M02621:29:000000000-AAWM3:1:1101:18432:24439
	AATGAATTC
  M02621:29:000000000-AAWM3:1:1101:15542:24458
	AGACTGTTA
  M02621:29:000000000-AAWM3:1:1101:12869:24477
	GGACGTCAT
  M02621:29:000000000-AAWM3:1:1101:12077:24494
	ACACATATG
  M02621:29:000000000-AAWM3:1:1101:15086:24497
	AAACTATGA
  M02621:29:000000000-AAWM3:1:1101:14352:24497
	AAATGAAGA
  M02621:29:000000000-AAWM3:1:1101:22055:24498
	GCCCGCAAT
  M02621:29:000000000-AAWM3:1:1101:21057:24528
	GTAAAATAT
  M02621:29:000000000-AAWM3:1:1101:12280:24563
	GTAACCCGA
  M02621:29:000000000-AAWM3:1:1101:18295:24586
	CCTAAGTTG
  M02621:29:000000000-AAWM3:1:1101:18318:24717
	TGCCACGCA
  M02621:29:000000000-AAWM3:1:1101:18798:24729
	CCATAGTTG
  M02621:29:000000000-AAWM3:1:1101:14283:24745
	CAGTCACGA
  M02621:29:000000000-AAWM3:1:1101:12506:24849
	CCCGATCCG
  M02621:29:000000000-AAWM3:1:1101:17180:24868
	CATTACGAG
  M02621:29:000000000-AAWM3:1:1101:15462:24881
	TGTGCAGCG
  M02621:29:000000000-AAWM3:1:1101:13498:24891
	GTACTAGTT
  M02621:29:000000000-AAWM3:1:1101:18528:24949
	CATACCCAA
  M02621:29:000000000-AAWM3:1:1101:21990:24953
	GTAAATCTC
  M02621:29:000000000-AAWM3:1:1101:20370:25010
	TCAACAAGC
  M02621:29:000000000-AAWM3:1:1101:9791:25042
	TGACATGGA
  M02621:29:000000000-AAWM3:1:1101:23081:25060
	GGGGCATAT
  M02621:29:000000000-AAWM3:1:1101:13299:25076
	TACATACAA
  M02621:29:000000000-AAWM3:1:1101:21779:25100
	AATGAAATT
  M02621:29:000000000-AAWM3:1:1102:20112:1083
	ATCGCAGTG
  M02621:29:000000000-AAWM3:1:1102:9846:1091
	TGCTGACAG
  M02621:29:000000000-AAWM3:1:1102:10818:1201
	GGTTACTCA
  M02621:29:000000000-AAWM3:1:1102:8557:1238
	CTTATGAAG
  M02621:29:000000000-AAWM3:1:1102:11905:1297
	CGCCAGGAT
  M02621:29:000000000-AAWM3:1:1102:21815:1336
	GGCAAAACT
  M02621:29:000000000-AAWM3:1:1102:17412:1367
	TGCTGACAG
  M02621:29:000000000-AAWM3:1:1102:11127:1398
	CAACTCAGC
  M02621:29:000000000-AAWM3:1:1102:12931:1442
	TACAGAAGT
  M02621:29:000000000-AAWM3:1:1102:12419:1471
	AAGCAGCTA
  M02621:29:000000000-AAWM3:1:1102:14092:1501
	TGACATGAA
  M02621:29:000000000-AAWM3:1:1102:16068:1523
	GTGTTGGAT
  M02621:29:000000000-AAWM3:1:1102:14151:1530
	GTGTTGGAT
  M02621:29:000000000-AAWM3:1:1102:16761:1593
	ACACGTATG
  M02621:29:000000000-AAWM3:1:1102:13254:1649
	CTACCACCC
  M02621:29:000000000-AAWM3:1:1102:20629:1667
	GTAACCCGA
  M02621:29:000000000-AAWM3:1:1102:21962:1684
	AGTGAATGT
  M02621:29:000000000-AAWM3:1:1102:22002:1738
	GAAATTTTC
  M02621:29:000000000-AAWM3:1:1102:20500:1756
	TTGCCATAC
  M02621:29:000000000-AAWM3:1:1102:17483:1791
	AAATATCTT
  M02621:29:000000000-AAWM3:1:1102:15805:1793
	AACACCGAC
  M02621:29:000000000-AAWM3:1:1102:23474:1802
	AAATAAAGA
  M02621:29:000000000-AAWM3:1:1102:12130:1810
	AGCGGCTAA
  M02621:29:000000000-AAWM3:1:1102:16524:1812
	AAGGATGGT
  M02621:29:000000000-AAWM3:1:1102:21058:1824
	CGAGAGGTT
  M02621:29:000000000-AAWM3:1:1102:12664:1834
	AATGAATAC
  M02621:29:000000000-AAWM3:1:1102:8170:1836
	CTGAGATGG
  M02621:29:000000000-AAWM3:1:1102:9469:1852
	AGCACCAGT
  M02621:29:000000000-AAWM3:1:1102:12450:1858
	AACGCAGTG
  M02621:29:000000000-AAWM3:1:1102:15848:1918
	GCGTTACTG
  M02621:29:000000000-AAWM3:1:1102:19910:1934
	ACACACAAC
  M02621:29:000000000-AAWM3:1:1102:14657:1960
	CCTTACAAT
  M02621:29:000000000-AAWM3:1:1102:13006:1988
	ATCCTTTCC
  M02621:29:000000000-AAWM3:1:1102:22510:1990
	TCAACAAGC
  M02621:29:000000000-AAWM3:1:1102:21122:2010
	TCTACCCTG
  M02621:29:000000000-AAWM3:1:1102:22724:2033
	CGGAGGTTT
  M02621:29:000000000-AAWM3:1:1102:16806:2039
	AGTTCTCAT
  M02621:29:000000000-AAWM3:1:1102:12312:2136
	ATTCAGCAA
  M02621:29:000000000-AAWM3:1:1102:10323:2155
	CGCGATACA
  M02621:29:000000000-AAWM3:1:1102:12242:2178
	ATCGTGCGA
  M02621:29:000000000-AAWM3:1:1102:18848:2237
	AGCGGCTAA
  M02621:29:000000000-AAWM3:1:1102:17361:2279
	CGGTATACG
  M02621:29:000000000-AAWM3:1:1102:14284:2322
	GTAAATCTC
  M02621:29:000000000-AAWM3:1:1102:9204:2329
	CGGTAGCTA
  M02621:29:000000000-AAWM3:1:1102:21216:2338
	AAATATCTT
  M02621:29:000000000-AAWM3:1:1102:19089:2338
	TCTCCTCGC
  M02621:29:000000000-AAWM3:1:1102:17630:2352
	GTGTTGGAT
  M02621:29:000000000-AAWM3:1:1102:19353:2357
	AAATATCTT
  M02621:29:000000000-AAWM3:1:1102:21683:2375
	AGAATATGA
  M02621:29:000000000-AAWM3:1:1102:21191:2401
	CCGATGCCA
  M02621:29:000000000-AAWM3:1:1102:22158:2431
	CGCATACGC
  M02621:29:000000000-AAWM3:1:1102:22804:2517
	CGGTATCCC
  M02621:29:000000000-AAWM3:1:1102:10909:2625
	TCTATTAAT
  M02621:29:000000000-AAWM3:1:1102:24542:2666
	CAACCCTTA
  M02621:29:000000000-AAWM3:1:1102:20404:2667
	TGCTTTACC
  M02621:29:000000000-AAWM3:1:1102:8693:2709
	ATATCTTAA
  M02621:29:000000000-AAWM3:1:1102:11856:2710
	TTAGGGCCA
  M02621:29:000000000-AAWM3:1:1102:12810:2724
	CGGACCACG
  M02621:29:000000000-AAWM3:1:1102:9195:2748
	GAAATCATG
  M02621:29:000000000-AAWM3:1:1102:22734:2768
	AACCCACTA
  M02621:29:000000000-AAWM3:1:1102:16573:2799
	TGCTAAAAC
  M02621:29:000000000-AAWM3:1:1102:21787:2801
	ACTTAACTA
  M02621:29:000000000-AAWM3:1:1102:17358:2824
	CCGGCCGGG
  M02621:29:000000000-AAWM3:1:1102:13475:2849
	TCAACGAAA
  M02621:29:000000000-AAWM3:1:1102:23835:2868
	AGTTCTCAT
  M02621:29:000000000-AAWM3:1:1102:14042:2885
	AACACCGAC
  M02621:29:000000000-AAWM3:1:1102:20566:2887
	CCAGATACC
  M02621:29:000000000-AAWM3:1:1102:13449:2936
	AATAGAAAC
  M02621:29:000000000-AAWM3:1:1102:16261:3054
	CATCCAACC
  M02621:29:000000000-AAWM3:1:1102:18280:3080
	TGTGCAGCG
  M02621:29:000000000-AAWM3:1:1102:23075:3119
	ATATTCTTC
  M02621:29:000000000-AAWM3:1:1102:19033:3155
	GCAAAACTA
  M02621:29:000000000-AAWM3:1:1102:21262:3160
	CTATCAGTG
  M02621:29:000000000-AAWM3:1:1102:16484:3161
	AGACTAGCG
  M02621:29:000000000-AAWM3:1:1102:7525:3200
	AAAATAGAC
  M02621:29:000000000-AAWM3:1:1102:7755:3285
	TTACCAAAT
  M02621:29:000000000-AAWM3:1:1102:7418:3289
	TTAGGGCCA
  M02621:29:000000000-AAWM3:1:1102:23209:3298
	TTAACAACA
  M02621:29:000000000-AAWM3:1:1102:9815:3305
	AACCTAATT
  M02621:29:000000000-AAWM3:1:1102:18496:3316
	GTTAATATA
  M02621:29:000000000-AAWM3:1:1102:23509:3355
	TCAACGAAA
  M02621:29:000000000-AAWM3:1:1102:9170:3407
	CCGTTCAAT
  M02621:29:000000000-AAWM3:1:1102:9538:3465
	AGGATATGA
  M02621:29:000000000-AAWM3:1:1102:24812:3523
	GCAAAACTA
  M02621:29:000000000-AAWM3:1:1102:25776:3595
	CCCGTCACG
  M02621:29:000000000-AAWM3:1:1102:20611:3629
	GATACCAGA
  M02621:29:000000000-AAWM3:1:1102:5816:3642
	CGTTACGAG
  M02621:29:000000000-AAWM3:1:1102:7307:3648
	CGGAGGTTT
  M02621:29:000000000-AAWM3:1:1102:16399:3655
	TCCTCGACG
  M02621:29:000000000-AAWM3:1:1102:21419:3673
	AAGGAGAAA
  M02621:29:000000000-AAWM3:1:1102:21858:3697
	TCTCTCAAT
  M02621:29:000000000-AAWM3:1:1102:8413:3704
	GGTTACTCA
  M02621:29:000000000-AAWM3:1:1102:24616:3732
	TCCTTTCGA
  M02621:29:000000000-AAWM3:1:1102:21245:3766
	TCATCGACG
  M02621:29:000000000-AAWM3:1:1102:16371:3790
	ACCCAGTGC
  M02621:29:000000000-AAWM3:1:1102:7535:3890
	TAAACTCCT
  M02621:29:000000000-AAWM3:1:1102:11299:3949
	TCAACAAGC
  M02621:29:000000000-AAWM3:1:1102:6050:3957
	GGCAACGAT
  M02621:29:000000000-AAWM3:1:1102:13716:3967
	ATCCTTTCC
  M02621:29:000000000-AAWM3:1:1102:23385:3976
	CTTCAAAGA
  M02621:29:000000000-AAWM3:1:1102:5632:4034
	GTAACACAA
  M02621:29:000000000-AAWM3:1:1102:12255:4070
	GAATAAGA
  M02621:29:000000000-AAWM3:1:1102:16844:4088
	CCAGTAAAG
  M02621:29:000000000-AAWM3:1:1102:24266:4112
	CCGATAATA
  M02621:29:000000000-AAWM3:1:1102:15078:4144
	CGGTATACG
  M02621:29:000000000-AAWM3:1:1102:8428:4190
	TTCTACAAG
  M02621:29:000000000-AAWM3:1:1102:7703:4190
	GGTTACTCA
  M02621:29:000000000-AAWM3:1:1102:15010:4222
	AGCTATAAC
  M02621:29:000000000-AAWM3:1:1102:8123:4329
	TAACATGGA
  M02621:29:000000000-AAWM3:1:1102:17202:4376
	
  M02621:29:000000000-AAWM3:1:1102:18711:4387
	TCTGAACAA
  M02621:29:000000000-AAWM3:1:1102:23009:4397
	CTACCACCC
  M02621:29:000000000-AAWM3:1:1102:19097:4405
	CTTGTATGA
  M02621:29:000000000-AAWM3:1:1102:7247:4430
	CCACTGCTA
  M02621:29:000000000-AAWM3:1:1102:7139:4445
	GGGATCGCC
  M02621:29:000000000-AAWM3:1:1102:25618:4635
	GTTCAGCAA
  M02621:29:000000000-AAWM3:1:1102:6528:4636
	AAAATAGAC
  M02621:29:000000000-AAWM3:1:1102:8594:4651
	CCTTACAAT
  M02621:29:000000000-AAWM3:1:1102:18337:4659
	AGACTAGCG
  M02621:29:000000000-AAWM3:1:1102:8727:4719
